
-------- SESSION 2021-09-17T07:53:40.720Z (10.1.2+202004142327, linux, x64, 33495121920, XMind Ltd., vana_linux_64) --------
[I 2021-09-17T07:53:40.810Z main:store:plugins:iap] The user is not allowed to make in-app purchase.
[I 2021-09-17T07:53:41.815Z main:store:plugins:electron] Application will finish launching.
[I 2021-09-17T07:53:41.827Z main:store:plugins:electron] Application arguments: ["/usr/lib/electron5/electron","/usr/share/XMind2020/app.asar","/opt/XMind/XMind","--no-sandbox"]
[I 2021-09-17T07:53:41.835Z main:store:plugins:electron] Application is ready.
[I 2021-09-17T07:53:41.859Z main:store:plugins:open-handler] Recover: Map {}
[I 2021-09-17T07:53:41.864Z main:store:plugins:activation-updater] Start updating subscription information periodically.
[I 2021-09-17T07:53:41.864Z main:store:plugins:activation-updater] Schedule refresh timeout(60000).
[I 2021-09-17T07:53:41.864Z main:store:plugins:activation-updater] Start updating per-machine license information periodically.
[I 2021-09-17T07:53:41.865Z main:store:plugins:activation-updater] Schedule refresh timeout(60000).
[E 2021-09-17T07:53:41.956Z Notification] Error: Request to https://www.xmind.net/_api/events?p=vana_linux_64&v=10.1.2.202004142327&ar=x64&nl=en-US&ac=trial&lic=&ts0=1631784631822&ts1=1631784631822&ts2=1631784631822&ts3=1631784631822&os=linux&version=10.1.2&buildid=10.1.2.202004142327&arch=x64&distrib=vana_linux_64&account_type=trial&license_info=&firstStartTimestamp=1631784631822&startTimestamp1=1631784631822&startTimestamp2=1631784631822&startTimestamp3=1631784631822 failed, reason: net::ERR_INTERNET_DISCONNECTED
    at ClientRequest.<anonymous> (/usr/share/XMind2020/app.asar/main/main.js:30:124638)
    at ClientRequest.emit (events.js:194:13)
    at URLRequest._emitRequestEvent (/usr/lib/electron5/resources/electron.asar/browser/api/net.js:90:24)
[W 2021-09-17T07:53:41.959Z main:store:plugins:electron] Failed to load pricing: Error: Request to https://www.xmind.net/_res/get-zen-price?p=vana_linux_64&v=10.1.2.202004142327&os=linux&ar=x64&nl=en-US failed, reason: net::ERR_INTERNET_DISCONNECTED
    at ClientRequest.<anonymous> (/usr/share/XMind2020/app.asar/main/main.js:30:124638)
    at ClientRequest.emit (events.js:194:13)
    at URLRequest._emitRequestEvent (/usr/lib/electron5/resources/electron.asar/browser/api/net.js:90:24)
[I 2021-09-17T07:53:41.960Z main:store:plugins:electron] Device ID: 063ad97f-98de-469d-ada4-60c36381301e
[E 2021-09-17T07:53:42.266Z new] Failed to get library items: { name: 'Error' }
[I 2021-09-17T07:53:53.322Z snowbrush] Export image time: from 1631865233321 to 1631865233321.
[I 2021-09-17T07:54:41.865Z main:store:plugins:activation-updater] Schedule refresh timeout(null).
[E 2021-09-17T07:54:41.866Z main:store:plugins:activation-updater] Failed to update subscription information: Error: Request to https://www.xmind.net/_res/devices failed, reason: net::ERR_INTERNET_DISCONNECTED
    at ClientRequest.<anonymous> (/usr/share/XMind2020/app.asar/main/main.js:30:124638)
    at ClientRequest.emit (events.js:194:13)
    at URLRequest._emitRequestEvent (/usr/lib/electron5/resources/electron.asar/browser/api/net.js:90:24)
[I 2021-09-17T07:54:41.866Z main:store:plugins:activation-updater] Schedule refresh timeout(120000).
[W 2021-09-17T07:54:41.966Z UsageTracker] Send fail: Error: Request to https://piwik.xmind.net/piwik.php failed, reason: net::ERR_INTERNET_DISCONNECTED
    at ClientRequest.<anonymous> (/usr/share/XMind2020/app.asar/main/main.js:30:124638)
    at ClientRequest.emit (events.js:194:13)
    at URLRequest._emitRequestEvent (/usr/lib/electron5/resources/electron.asar/browser/api/net.js:90:24)
[W 2021-09-17T07:55:41.966Z UsageTracker] Send fail: Error: Request to https://piwik.xmind.net/piwik.php failed, reason: net::ERR_INTERNET_DISCONNECTED
    at ClientRequest.<anonymous> (/usr/share/XMind2020/app.asar/main/main.js:30:124638)
    at ClientRequest.emit (events.js:194:13)
    at URLRequest._emitRequestEvent (/usr/lib/electron5/resources/electron.asar/browser/api/net.js:90:24)
[E 2021-09-17T07:56:41.867Z main:store:plugins:activation-updater] Failed to update subscription information: Error: Request to https://www.xmind.net/_res/devices failed, reason: net::ERR_INTERNET_DISCONNECTED
    at ClientRequest.<anonymous> (/usr/share/XMind2020/app.asar/main/main.js:30:124638)
    at ClientRequest.emit (events.js:194:13)
    at URLRequest._emitRequestEvent (/usr/lib/electron5/resources/electron.asar/browser/api/net.js:90:24)
[I 2021-09-17T07:56:41.867Z main:store:plugins:activation-updater] Schedule refresh timeout(240000).
[W 2021-09-17T07:57:41.968Z UsageTracker] Send fail: Error: Request to https://piwik.xmind.net/piwik.php failed, reason: net::ERR_INTERNET_DISCONNECTED
    at ClientRequest.<anonymous> (/usr/share/XMind2020/app.asar/main/main.js:30:124638)
    at ClientRequest.emit (events.js:194:13)
    at URLRequest._emitRequestEvent (/usr/lib/electron5/resources/electron.asar/browser/api/net.js:90:24)
[I 2021-09-17T07:58:53.312Z snowbrush] Export image time: from 1631865533312 to 1631865533312.
[I 2021-09-17T08:00:12.823Z snowbrush] null
[I 2021-09-17T08:00:14.233Z snowbrush] null
[I 2021-09-17T08:00:28.733Z snowbrush] null
[I 2021-09-17T08:00:34.933Z snowbrush] null
[E 2021-09-17T08:00:41.869Z main:store:plugins:activation-updater] Failed to update subscription information: Error: Request to https://www.xmind.net/_res/devices failed, reason: net::ERR_INTERNET_DISCONNECTED
    at ClientRequest.<anonymous> (/usr/share/XMind2020/app.asar/main/main.js:30:124638)
    at ClientRequest.emit (events.js:194:13)
    at URLRequest._emitRequestEvent (/usr/lib/electron5/resources/electron.asar/browser/api/net.js:90:24)
[I 2021-09-17T08:00:41.869Z main:store:plugins:activation-updater] Schedule refresh timeout(480000).
[I 2021-09-17T08:00:48.023Z snowbrush] null
[I 2021-09-17T08:00:49.885Z snowbrush] null
[I 2021-09-17T08:01:08.474Z snowbrush] null
[I 2021-09-17T08:01:09.884Z snowbrush] null
[I 2021-09-17T08:01:10.777Z snowbrush] null
[I 2021-09-17T08:01:13.762Z snowbrush] null
[W 2021-09-17T08:01:41.968Z UsageTracker] Send fail: Error: Request to https://piwik.xmind.net/piwik.php failed, reason: net::ERR_INTERNET_DISCONNECTED
    at ClientRequest.<anonymous> (/usr/share/XMind2020/app.asar/main/main.js:30:124638)
    at ClientRequest.emit (events.js:194:13)
    at URLRequest._emitRequestEvent (/usr/lib/electron5/resources/electron.asar/browser/api/net.js:90:24)
[I 2021-09-17T08:01:57.280Z snowbrush] null
[I 2021-09-17T08:02:04.540Z snowbrush] null
[I 2021-09-17T08:02:11.527Z snowbrush] null
[I 2021-09-17T08:02:13.007Z snowbrush] null
[I 2021-09-17T08:02:15.106Z snowbrush] null
[I 2021-09-17T08:02:18.155Z snowbrush] null
[I 2021-09-17T08:02:22.695Z snowbrush] null
[I 2021-09-17T08:02:26.674Z snowbrush] null
[I 2021-09-17T08:02:28.788Z snowbrush] null
[I 2021-09-17T08:02:31.479Z snowbrush] null
[I 2021-09-17T08:02:35.653Z snowbrush] null
[I 2021-09-17T08:02:38.395Z snowbrush] null
[I 2021-09-17T08:02:40.234Z snowbrush] null
[I 2021-09-17T08:02:42.060Z snowbrush] null
[I 2021-09-17T08:02:45.046Z snowbrush] null
[I 2021-09-17T08:03:22.742Z snowbrush] null
[I 2021-09-17T08:04:28.152Z snowbrush] Export image time: from 1631865868151 to 1631865868152.
[E 2021-09-17T08:08:41.872Z main:store:plugins:activation-updater] Failed to update subscription information: Error: Request to https://www.xmind.net/_res/devices failed, reason: net::ERR_INTERNET_DISCONNECTED
    at ClientRequest.<anonymous> (/usr/share/XMind2020/app.asar/main/main.js:30:124638)
    at ClientRequest.emit (events.js:194:13)
    at URLRequest._emitRequestEvent (/usr/lib/electron5/resources/electron.asar/browser/api/net.js:90:24)
[I 2021-09-17T08:08:41.872Z main:store:plugins:activation-updater] Schedule refresh timeout(960000).
[I 2021-09-17T08:09:37.789Z snowbrush] Export image time: from 1631866177789 to 1631866177789.
[W 2021-09-17T08:09:41.966Z UsageTracker] Send fail: Error: Request to https://piwik.xmind.net/piwik.php failed, reason: net::ERR_INTERNET_DISCONNECTED
    at ClientRequest.<anonymous> (/usr/share/XMind2020/app.asar/main/main.js:30:124638)
    at ClientRequest.emit (events.js:194:13)
    at URLRequest._emitRequestEvent (/usr/lib/electron5/resources/electron.asar/browser/api/net.js:90:24)
[I 2021-09-17T08:14:37.788Z snowbrush] Export image time: from 1631866477788 to 1631866477788.
[I 2021-09-17T08:18:07.110Z snowbrush] Export image time: from 1631866687110 to 1631866687110.
[I 2021-09-17T08:21:29.635Z snowbrush] Export image time: from 1631866889635 to 1631866889635.
[E 2021-09-17T08:24:41.929Z main:store:plugins:activation-updater] Failed to update subscription information: Error: Request to https://www.xmind.net/_res/devices failed, reason: net::ERR_INTERNET_DISCONNECTED
    at ClientRequest.<anonymous> (/usr/share/XMind2020/app.asar/main/main.js:30:124638)
    at ClientRequest.emit (events.js:194:13)
    at URLRequest._emitRequestEvent (/usr/lib/electron5/resources/electron.asar/browser/api/net.js:90:24)
[I 2021-09-17T08:24:41.930Z main:store:plugins:activation-updater] Schedule refresh timeout(1920000).
[W 2021-09-17T08:25:41.967Z UsageTracker] Send fail: Error: Request to https://piwik.xmind.net/piwik.php failed, reason: net::ERR_INTERNET_DISCONNECTED
    at ClientRequest.<anonymous> (/usr/share/XMind2020/app.asar/main/main.js:30:124638)
    at ClientRequest.emit (events.js:194:13)
    at URLRequest._emitRequestEvent (/usr/lib/electron5/resources/electron.asar/browser/api/net.js:90:24)
