
-------- SESSION 2021-10-13T07:02:07.320Z (10.1.2+202004142327, linux, x64, 33495117824, XMind Ltd., vana_linux_64) --------
[I 2021-10-13T07:02:07.403Z main:store:plugins:iap] The user is not allowed to make in-app purchase.
[I 2021-10-13T07:02:07.710Z main:store:plugins:electron] Application will finish launching.
[I 2021-10-13T07:02:07.717Z main:store:plugins:electron] Application arguments: ["/usr/lib/electron5/electron","/usr/share/XMind2020/app.asar","/opt/XMind/XMind","--no-sandbox"]
[I 2021-10-13T07:02:07.722Z main:store:plugins:electron] Application is ready.
[I 2021-10-13T07:02:07.735Z main:store:plugins:open-handler] Recover: Map {}
[I 2021-10-13T07:02:07.739Z main:store:plugins:activation-updater] Start updating subscription information periodically.
[I 2021-10-13T07:02:07.739Z main:store:plugins:activation-updater] Schedule refresh timeout(60000).
[I 2021-10-13T07:02:07.739Z main:store:plugins:activation-updater] Start updating per-machine license information periodically.
[I 2021-10-13T07:02:07.739Z main:store:plugins:activation-updater] Schedule refresh timeout(60000).
[I 2021-10-13T07:02:07.817Z main:store:plugins:electron] Device ID: 063ad97f-98de-469d-ada4-60c36381301e
[I 2021-10-13T07:02:52.843Z snowbrush] Export image time: from 1634108572843 to 1634108572843.
[I 2021-10-13T07:03:00.033Z main:store:plugins:editors:EditorFrame] Frame 1 close
[I 2021-10-13T07:03:00.037Z main:store:plugins:editors:EditorFrame] Not find editor view: undefined file:///usr/share/XMind2020/app.asar/renderer/editor-frame.html?frameId=1&_apr=default
[I 2021-10-13T07:03:00.070Z main:store:plugins:editors:EditorFrame] Frame 1 close
[I 2021-10-13T07:03:00.095Z main:store:plugins:electron] Application is intended to quit.
[I 2021-10-13T07:03:00.095Z main:store:plugins:electron] Asking all editors to close their documents...
[I 2021-10-13T07:03:00.108Z main:store:plugins:editors:EditorFrame] Frame 1 webContents destroyed
[I 2021-10-13T07:03:00.118Z main:store:plugins:electron] All documents are closed.
[I 2021-10-13T07:03:00.118Z main:store:plugins:activation-updater] Stop updating per-machine license information periodically.
[I 2021-10-13T07:03:00.118Z main:store:plugins:activation-updater] Stop updating subscription information periodically.
[I 2021-10-13T07:03:00.122Z main:store:plugins:electron] Application is intended to quit.
[I 2021-10-13T07:03:00.122Z main:store:plugins:electron] Application will quit.
[I 2021-10-13T07:03:00.122Z main:store:plugins:electron] Application quitted.

-------- SESSION 2021-10-13T07:03:45.640Z (10.1.2+202004142327, linux, x64, 33495117824, XMind Ltd., vana_linux_64) --------
[I 2021-10-13T07:03:45.709Z main:store:plugins:iap] The user is not allowed to make in-app purchase.
[I 2021-10-13T07:03:45.878Z main:store:plugins:electron] Application will finish launching.
[I 2021-10-13T07:03:45.886Z main:store:plugins:electron] Application arguments: ["/usr/lib/electron5/electron","/usr/share/XMind2020/app.asar","/opt/XMind/XMind","--no-sandbox"]
[I 2021-10-13T07:03:45.887Z main:store:plugins:electron] Application is ready.
[I 2021-10-13T07:03:45.900Z main:store:plugins:open-handler] Recover: Map {}
[I 2021-10-13T07:03:45.903Z main:store:plugins:activation-updater] Start updating subscription information periodically.
[I 2021-10-13T07:03:45.903Z main:store:plugins:activation-updater] Schedule refresh timeout(60000).
[I 2021-10-13T07:03:45.903Z main:store:plugins:activation-updater] Start updating per-machine license information periodically.
[I 2021-10-13T07:03:45.903Z main:store:plugins:activation-updater] Schedule refresh timeout(60000).
[I 2021-10-13T07:03:45.972Z main:store:plugins:electron] Device ID: 063ad97f-98de-469d-ada4-60c36381301e
[I 2021-10-13T07:04:00.233Z snowbrush] Export image time: from 1634108640233 to 1634108640233.
[I 2021-10-13T07:04:08.011Z main:store:plugins:editors:EditorFrame] Frame 1 close
[I 2021-10-13T07:04:08.014Z main:store:plugins:editors:EditorFrame] Not find editor view: undefined file:///usr/share/XMind2020/app.asar/renderer/editor-frame.html?frameId=1&_apr=default
[I 2021-10-13T07:04:08.042Z main:store:plugins:editors:EditorFrame] Frame 1 close
[I 2021-10-13T07:04:08.064Z main:store:plugins:electron] Application is intended to quit.
[I 2021-10-13T07:04:08.064Z main:store:plugins:electron] Asking all editors to close their documents...
[I 2021-10-13T07:04:08.076Z main:store:plugins:editors:EditorFrame] Frame 1 webContents destroyed
[I 2021-10-13T07:04:08.086Z main:store:plugins:electron] All documents are closed.
[I 2021-10-13T07:04:08.086Z main:store:plugins:activation-updater] Stop updating per-machine license information periodically.
[I 2021-10-13T07:04:08.086Z main:store:plugins:activation-updater] Stop updating subscription information periodically.
[I 2021-10-13T07:04:08.090Z main:store:plugins:electron] Application is intended to quit.
[I 2021-10-13T07:04:08.090Z main:store:plugins:electron] Application will quit.
[I 2021-10-13T07:04:08.090Z main:store:plugins:electron] Application quitted.

-------- SESSION 2021-10-13T07:04:43.370Z (10.1.2+202004142327, linux, x64, 33495117824, XMind Ltd., vana_linux_64) --------
[I 2021-10-13T07:04:43.439Z main:store:plugins:iap] The user is not allowed to make in-app purchase.
[I 2021-10-13T07:04:43.611Z main:store:plugins:electron] Application will finish launching.
[I 2021-10-13T07:04:43.618Z main:store:plugins:electron] Application arguments: ["/usr/lib/electron5/electron","/usr/share/XMind2020/app.asar","/opt/XMind/XMind","--no-sandbox"]
[I 2021-10-13T07:04:43.619Z main:store:plugins:electron] Application is ready.
[I 2021-10-13T07:04:43.632Z main:store:plugins:open-handler] Recover: Map {}
[I 2021-10-13T07:04:43.636Z main:store:plugins:activation-updater] Start updating subscription information periodically.
[I 2021-10-13T07:04:43.636Z main:store:plugins:activation-updater] Schedule refresh timeout(60000).
[I 2021-10-13T07:04:43.636Z main:store:plugins:activation-updater] Start updating per-machine license information periodically.
[I 2021-10-13T07:04:43.636Z main:store:plugins:activation-updater] Schedule refresh timeout(60000).
[I 2021-10-13T07:04:43.694Z main:store:plugins:electron] Device ID: 063ad97f-98de-469d-ada4-60c36381301e
[I 2021-10-13T07:05:07.715Z snowbrush] Export image time: from 1634108707715 to 1634108707715.
[I 2021-10-13T07:05:16.191Z main:store:plugins:editors:EditorFrame] Frame 1 close
[I 2021-10-13T07:05:16.207Z main:store:plugins:editors:EditorFrame] Not find editor view: undefined file:///usr/share/XMind2020/app.asar/renderer/editor-frame.html?frameId=1&_apr=default
[I 2021-10-13T07:05:16.255Z main:store:plugins:editors:EditorFrame] Frame 1 close
[I 2021-10-13T07:05:16.284Z main:store:plugins:electron] Application is intended to quit.
[I 2021-10-13T07:05:16.284Z main:store:plugins:electron] Asking all editors to close their documents...
[I 2021-10-13T07:05:16.304Z main:store:plugins:editors:EditorFrame] Frame 1 webContents destroyed
[I 2021-10-13T07:05:16.318Z main:store:plugins:electron] All documents are closed.
[I 2021-10-13T07:05:16.318Z main:store:plugins:activation-updater] Stop updating per-machine license information periodically.
[I 2021-10-13T07:05:16.318Z main:store:plugins:activation-updater] Stop updating subscription information periodically.
[I 2021-10-13T07:05:16.322Z main:store:plugins:electron] Application is intended to quit.
[I 2021-10-13T07:05:16.322Z main:store:plugins:electron] Application will quit.
[I 2021-10-13T07:05:16.322Z main:store:plugins:electron] Application quitted.
