
-------- SESSION 2021-10-04T12:49:19.901Z (10.1.2+202004142327, linux, x64, 33495117824, XMind Ltd., vana_linux_64) --------
[I 2021-10-04T12:49:19.985Z main:store:plugins:iap] The user is not allowed to make in-app purchase.
[I 2021-10-04T12:49:20.246Z main:store:plugins:electron] Application will finish launching.
[I 2021-10-04T12:49:20.254Z main:store:plugins:electron] Application arguments: ["/usr/lib/electron5/electron","/usr/share/XMind2020/app.asar","/opt/XMind/XMind","--no-sandbox"]
[I 2021-10-04T12:49:20.258Z main:store:plugins:electron] Application is ready.
[I 2021-10-04T12:49:20.274Z main:store:plugins:open-handler] Recover: Map {}
[I 2021-10-04T12:49:20.278Z main:store:plugins:activation-updater] Start updating subscription information periodically.
[I 2021-10-04T12:49:20.278Z main:store:plugins:activation-updater] Schedule refresh timeout(60000).
[I 2021-10-04T12:49:20.278Z main:store:plugins:activation-updater] Start updating per-machine license information periodically.
[I 2021-10-04T12:49:20.278Z main:store:plugins:activation-updater] Schedule refresh timeout(60000).
[E 2021-10-04T12:49:20.362Z Notification] Error: Request to https://www.xmind.net/_api/events?p=vana_linux_64&v=10.1.2.202004142327&ar=x64&nl=en-US&ac=trial&lic=&ts0=1631784631822&ts1=1632895528303&ts2=1632895561854&ts3=1632903472674&os=linux&version=10.1.2&buildid=10.1.2.202004142327&arch=x64&distrib=vana_linux_64&account_type=trial&license_info=&firstStartTimestamp=1631784631822&startTimestamp1=1632895528303&startTimestamp2=1632895561854&startTimestamp3=1632903472674 failed, reason: net::ERR_INTERNET_DISCONNECTED
    at ClientRequest.<anonymous> (/usr/share/XMind2020/app.asar/main/main.js:30:124638)
    at ClientRequest.emit (events.js:194:13)
    at URLRequest._emitRequestEvent (/usr/lib/electron5/resources/electron.asar/browser/api/net.js:90:24)
[W 2021-10-04T12:49:20.365Z main:store:plugins:electron] Failed to load pricing: Error: Request to https://www.xmind.net/_res/get-zen-price?p=vana_linux_64&v=10.1.2.202004142327&os=linux&ar=x64&nl=en-US failed, reason: net::ERR_INTERNET_DISCONNECTED
    at ClientRequest.<anonymous> (/usr/share/XMind2020/app.asar/main/main.js:30:124638)
    at ClientRequest.emit (events.js:194:13)
    at URLRequest._emitRequestEvent (/usr/lib/electron5/resources/electron.asar/browser/api/net.js:90:24)
[I 2021-10-04T12:49:20.378Z main:store:plugins:electron] Device ID: 063ad97f-98de-469d-ada4-60c36381301e
[E 2021-10-04T12:49:20.633Z new] Failed to get library items: { name: 'Error' }
[I 2021-10-04T12:49:30.125Z fonts] start get system fonts
[I 2021-10-04T12:49:30.675Z fonts] Consuming 550 ms to get system fonts
[I 2021-10-04T12:49:34.590Z snowbrush] Export image time: from 1633351774590 to 1633351774590.
[I 2021-10-04T12:50:20.279Z main:store:plugins:activation-updater] Schedule refresh timeout(null).
[E 2021-10-04T12:50:20.280Z main:store:plugins:activation-updater] Failed to update subscription information: Error: Request to https://www.xmind.net/_res/devices failed, reason: net::ERR_INTERNET_DISCONNECTED
    at ClientRequest.<anonymous> (/usr/share/XMind2020/app.asar/main/main.js:30:124638)
    at ClientRequest.emit (events.js:194:13)
    at URLRequest._emitRequestEvent (/usr/lib/electron5/resources/electron.asar/browser/api/net.js:90:24)
[I 2021-10-04T12:50:20.280Z main:store:plugins:activation-updater] Schedule refresh timeout(120000).
[W 2021-10-04T12:50:20.384Z UsageTracker] Send fail: Error: Request to https://piwik.xmind.net/piwik.php failed, reason: net::ERR_INTERNET_DISCONNECTED
    at ClientRequest.<anonymous> (/usr/share/XMind2020/app.asar/main/main.js:30:124638)
    at ClientRequest.emit (events.js:194:13)
    at URLRequest._emitRequestEvent (/usr/lib/electron5/resources/electron.asar/browser/api/net.js:90:24)
[W 2021-10-04T12:51:20.385Z UsageTracker] Send fail: Error: Request to https://piwik.xmind.net/piwik.php failed, reason: net::ERR_INTERNET_DISCONNECTED
    at ClientRequest.<anonymous> (/usr/share/XMind2020/app.asar/main/main.js:30:124638)
    at ClientRequest.emit (events.js:194:13)
    at URLRequest._emitRequestEvent (/usr/lib/electron5/resources/electron.asar/browser/api/net.js:90:24)
[E 2021-10-04T12:52:20.283Z main:store:plugins:activation-updater] Failed to update subscription information: Error: Request to https://www.xmind.net/_res/devices failed, reason: net::ERR_INTERNET_DISCONNECTED
    at ClientRequest.<anonymous> (/usr/share/XMind2020/app.asar/main/main.js:30:124638)
    at ClientRequest.emit (events.js:194:13)
    at URLRequest._emitRequestEvent (/usr/lib/electron5/resources/electron.asar/browser/api/net.js:90:24)
[I 2021-10-04T12:52:20.283Z main:store:plugins:activation-updater] Schedule refresh timeout(240000).
[W 2021-10-04T12:53:20.385Z UsageTracker] Send fail: Error: Request to https://piwik.xmind.net/piwik.php failed, reason: net::ERR_INTERNET_DISCONNECTED
    at ClientRequest.<anonymous> (/usr/share/XMind2020/app.asar/main/main.js:30:124638)
    at ClientRequest.emit (events.js:194:13)
    at URLRequest._emitRequestEvent (/usr/lib/electron5/resources/electron.asar/browser/api/net.js:90:24)
[I 2021-10-04T12:54:34.583Z snowbrush] Export image time: from 1633352074583 to 1633352074583.
[E 2021-10-04T12:56:20.296Z main:store:plugins:activation-updater] Failed to update subscription information: Error: Request to https://www.xmind.net/_res/devices failed, reason: net::ERR_INTERNET_DISCONNECTED
    at ClientRequest.<anonymous> (/usr/share/XMind2020/app.asar/main/main.js:30:124638)
    at ClientRequest.emit (events.js:194:13)
    at URLRequest._emitRequestEvent (/usr/lib/electron5/resources/electron.asar/browser/api/net.js:90:24)
[I 2021-10-04T12:56:20.296Z main:store:plugins:activation-updater] Schedule refresh timeout(480000).
[W 2021-10-04T12:57:20.464Z UsageTracker] Send fail: Error: Request to https://piwik.xmind.net/piwik.php failed, reason: net::ERR_CONNECTION_REFUSED
    at ClientRequest.<anonymous> (/usr/share/XMind2020/app.asar/main/main.js:30:124638)
    at ClientRequest.emit (events.js:194:13)
    at URLRequest._emitRequestEvent (/usr/lib/electron5/resources/electron.asar/browser/api/net.js:90:24)
[I 2021-10-04T12:59:35.477Z snowbrush] Export image time: from 1633352375477 to 1633352375477.
[I 2021-10-04T13:00:41.316Z snowbrush] Export image time: from 1633352441316 to 1633352441316.
[I 2021-10-04T13:27:31.491Z main:store:plugins:editors:EditorFrame] Frame 1 close
[I 2021-10-04T13:27:31.498Z main:store:plugins:editors:EditorFrame] Not find editor view: undefined file:///usr/share/XMind2020/app.asar/renderer/editor-frame.html?frameId=1&_apr=default
[I 2021-10-04T13:27:31.539Z main:store:plugins:editors:EditorFrame] Frame 1 close
[I 2021-10-04T13:27:31.590Z main:store:plugins:electron] Application is intended to quit.
[I 2021-10-04T13:27:31.590Z main:store:plugins:electron] Asking all editors to close their documents...
[I 2021-10-04T13:27:31.607Z main:store:plugins:editors:EditorFrame] Frame 1 webContents destroyed
[I 2021-10-04T13:27:31.622Z main:store:plugins:electron] All documents are closed.
[I 2021-10-04T13:27:31.622Z main:store:plugins:activation-updater] Stop updating per-machine license information periodically.
[I 2021-10-04T13:27:31.622Z main:store:plugins:activation-updater] Stop updating subscription information periodically.
[I 2021-10-04T13:27:31.627Z main:store:plugins:electron] Application is intended to quit.
[I 2021-10-04T13:27:31.627Z main:store:plugins:electron] Application will quit.
[I 2021-10-04T13:27:31.627Z main:store:plugins:electron] Application quitted.
[W 2021-10-04T13:27:31.627Z UsageTracker] Send fail: Error: Request to https://piwik.xmind.net/piwik.php failed, reason: net::ERR_INTERNET_DISCONNECTED
    at ClientRequest.<anonymous> (/usr/share/XMind2020/app.asar/main/main.js:30:124638)
    at ClientRequest.emit (events.js:194:13)
    at URLRequest._emitRequestEvent (/usr/lib/electron5/resources/electron.asar/browser/api/net.js:90:24)
