
-------- SESSION 2021-10-06T06:19:40.401Z (10.1.2+202004142327, linux, x64, 33495117824, XMind Ltd., vana_linux_64) --------
[I 2021-10-06T06:19:40.485Z main:store:plugins:iap] The user is not allowed to make in-app purchase.
[I 2021-10-06T06:19:40.728Z main:store:plugins:electron] Application will finish launching.
[I 2021-10-06T06:19:40.735Z main:store:plugins:electron] Application arguments: ["/usr/lib/electron5/electron","/usr/share/XMind2020/app.asar","/opt/XMind/XMind","--no-sandbox"]
[I 2021-10-06T06:19:40.740Z main:store:plugins:electron] Application is ready.
[I 2021-10-06T06:19:40.752Z main:store:plugins:open-handler] Recover: Map {}
[I 2021-10-06T06:19:40.756Z main:store:plugins:activation-updater] Start updating subscription information periodically.
[I 2021-10-06T06:19:40.756Z main:store:plugins:activation-updater] Schedule refresh timeout(60000).
[I 2021-10-06T06:19:40.756Z main:store:plugins:activation-updater] Start updating per-machine license information periodically.
[I 2021-10-06T06:19:40.756Z main:store:plugins:activation-updater] Schedule refresh timeout(60000).
[I 2021-10-06T06:19:40.830Z main:store:plugins:electron] Device ID: 063ad97f-98de-469d-ada4-60c36381301e
[I 2021-10-06T06:20:04.987Z snowbrush] Export image time: from 1633501204987 to 1633501204987.
[I 2021-10-06T06:20:40.757Z main:store:plugins:activation-updater] Schedule refresh timeout(null).
[I 2021-10-06T06:20:41.358Z main:store:plugins:activation-updater] Schedule refresh timeout(null).
[I 2021-10-06T06:25:04.981Z snowbrush] Export image time: from 1633501504981 to 1633501504981.
[I 2021-10-06T06:30:04.992Z snowbrush] Export image time: from 1633501804992 to 1633501804992.
[W 2021-10-06T06:33:41.476Z UsageTracker] Send fail: Error: Request to https://piwik.xmind.net/piwik.php failed, reason: net::ERR_NAME_RESOLUTION_FAILED
    at ClientRequest.<anonymous> (/usr/share/XMind2020/app.asar/main/main.js:30:124638)
    at ClientRequest.emit (events.js:194:13)
    at URLRequest._emitRequestEvent (/usr/lib/electron5/resources/electron.asar/browser/api/net.js:90:24)
[I 2021-10-06T06:34:25.895Z snowbrush] null
[W 2021-10-06T06:34:41.475Z UsageTracker] Send fail: Error: Request to https://piwik.xmind.net/piwik.php failed, reason: net::ERR_NAME_RESOLUTION_FAILED
    at ClientRequest.<anonymous> (/usr/share/XMind2020/app.asar/main/main.js:30:124638)
    at ClientRequest.emit (events.js:194:13)
    at URLRequest._emitRequestEvent (/usr/lib/electron5/resources/electron.asar/browser/api/net.js:90:24)
[I 2021-10-06T06:35:04.992Z snowbrush] Export image time: from 1633502104992 to 1633502104992.
[W 2021-10-06T06:36:41.476Z UsageTracker] Send fail: Error: Request to https://piwik.xmind.net/piwik.php failed, reason: net::ERR_INTERNET_DISCONNECTED
    at ClientRequest.<anonymous> (/usr/share/XMind2020/app.asar/main/main.js:30:124638)
    at ClientRequest.emit (events.js:194:13)
    at URLRequest._emitRequestEvent (/usr/lib/electron5/resources/electron.asar/browser/api/net.js:90:24)
[I 2021-10-06T06:39:09.825Z snowbrush] null
[I 2021-10-06T06:39:22.324Z fonts] start get system fonts
[I 2021-10-06T06:39:22.741Z fonts] Consuming 417 ms to get system fonts
[I 2021-10-06T06:39:32.170Z snowbrush] null
[I 2021-10-06T06:39:59.336Z snowbrush] null
[I 2021-10-06T06:40:06.575Z snowbrush] Export image time: from 1633502406575 to 1633502406575.
[I 2021-10-06T06:40:11.450Z snowbrush] null
[I 2021-10-06T06:40:15.042Z snowbrush] null
[W 2021-10-06T06:40:41.478Z UsageTracker] Send fail: Error: Request to https://piwik.xmind.net/piwik.php failed, reason: net::ERR_NAME_RESOLUTION_FAILED
    at ClientRequest.<anonymous> (/usr/share/XMind2020/app.asar/main/main.js:30:124638)
    at ClientRequest.emit (events.js:194:13)
    at URLRequest._emitRequestEvent (/usr/lib/electron5/resources/electron.asar/browser/api/net.js:90:24)
[I 2021-10-06T06:41:27.031Z snowbrush] null
[I 2021-10-06T06:41:30.055Z snowbrush] db write { 'text/plain':
   'Deutschland und Globalisierung\r\n\tInvestoren\r\n\t\tGute Infrastruktur\r\n\t\tStabilitaet der Instituitonen\r\n\t\tMade in Germany hat ansehen\r\n\t\tHohes Qualifikationsniveau\r\n\tGlobal Player\r\n\t\tVolkswagen\r\n\t\tAdidas\r\n\t\tBayer\r\n\t\tSAP\r\n\tProblematische Faktoren\r\n\t\tIneffizienz\r\n\t\t\tBER\r\n\t\t\tElbphilarmonie\r\n\t\t\tStuttgart21\r\n\t\tStrenge Arbeitsgesetze\r\n\t\tSteuern\r\n\t\tBuerokratie\r\n\tWirtschaftsfaktoren\r\n\t\tKein Handelsdefizit\r\n\t\t4 Staerkste Innovationskraft\r\n\t\tDiversifizierter und Internationaler Export',
  'text/x-array-json': [ { data: [Object], xapPaths: [] } ],
  'text/x-other-object-json':
   { boundary: [],
     relationship: [],
     sheetId: 'e34b2699ed6a4258561869c196',
     summary: [] },
  'text/x-type': 'branch',
  xapInfoMap: {} }
[I 2021-10-06T06:42:21.582Z snowbrush] null
[I 2021-10-06T06:43:33.661Z snowbrush] null
[I 2021-10-06T06:43:35.457Z snowbrush] null
[I 2021-10-06T06:43:40.143Z snowbrush] null
[I 2021-10-06T06:43:41.581Z snowbrush] null
[I 2021-10-06T06:43:45.348Z snowbrush] null
[I 2021-10-06T06:43:46.966Z snowbrush] null
[I 2021-10-06T06:43:48.554Z snowbrush] null
[I 2021-10-06T06:43:52.756Z snowbrush] null
[I 2021-10-06T06:44:14.916Z main:store:plugins:electron] Application receives arguments from another instance: ["electron5","/usr/share/XMind2020/app.asar","/opt/XMind/XMind","--no-sandbox"] /home/xilo
[I 2021-10-06T06:45:06.577Z snowbrush] Export image time: from 1633502706577 to 1633502706577.
[I 2021-10-06T06:45:17.827Z main:store:plugins:electron] Application receives arguments from another instance: ["electron5","/usr/share/XMind2020/app.asar","/opt/XMind/XMind","--no-sandbox"] /home/xilo
[W 2021-10-06T06:48:41.480Z UsageTracker] Send fail: Error: Request to https://piwik.xmind.net/piwik.php failed, reason: net::ERR_NAME_RESOLUTION_FAILED
    at ClientRequest.<anonymous> (/usr/share/XMind2020/app.asar/main/main.js:30:124638)
    at ClientRequest.emit (events.js:194:13)
    at URLRequest._emitRequestEvent (/usr/lib/electron5/resources/electron.asar/browser/api/net.js:90:24)
[I 2021-10-06T06:49:07.163Z main:store:plugins:electron] Application receives arguments from another instance: ["/usr/lib/electron/electron","--no-sandbox","app.asar"] /usr/share/XMind2020
[I 2021-10-06T06:49:51.683Z main:store:plugins:electron] Application is intended to quit.
[I 2021-10-06T06:49:51.684Z main:store:plugins:electron] Asking all editors to close their documents...
[I 2021-10-06T06:49:51.686Z main:store:plugins:editors:EditorFrame] Not find editor view: undefined file:///usr/share/XMind2020/app.asar/renderer/editor-frame.html?frameId=1&_apr=default
[I 2021-10-06T06:49:51.726Z main:store:plugins:editors:EditorFrame] Frame 1 close
[I 2021-10-06T06:49:51.755Z main:store:plugins:electron] Application is intended to quit.
[I 2021-10-06T06:49:51.755Z main:store:plugins:electron] Asking all editors to close their documents...
[I 2021-10-06T06:49:51.769Z main:store:plugins:editors:EditorFrame] Frame 1 webContents destroyed
[I 2021-10-06T06:49:51.780Z main:store:plugins:electron] All documents are closed.
[I 2021-10-06T06:49:51.780Z main:store:plugins:electron] All documents are closed.
[I 2021-10-06T06:49:51.780Z main:store:plugins:activation-updater] Stop updating per-machine license information periodically.
[I 2021-10-06T06:49:51.780Z main:store:plugins:activation-updater] Stop updating subscription information periodically.
[I 2021-10-06T06:49:51.784Z main:store:plugins:electron] Application is intended to quit.
[I 2021-10-06T06:49:51.784Z main:store:plugins:electron] Application will quit.
[I 2021-10-06T06:49:51.784Z main:store:plugins:electron] Application quitted.
[W 2021-10-06T06:49:51.784Z UsageTracker] Send fail: Error: Request to https://piwik.xmind.net/piwik.php failed, reason: net::ERR_NAME_RESOLUTION_FAILED
    at ClientRequest.<anonymous> (/usr/share/XMind2020/app.asar/main/main.js:30:124638)
    at ClientRequest.emit (events.js:194:13)
    at URLRequest._emitRequestEvent (/usr/lib/electron5/resources/electron.asar/browser/api/net.js:90:24)

-------- SESSION 2021-10-06T06:49:55.060Z (10.1.2+202004142327, linux, x64, 33495117824, XMind Ltd., vana_linux_64) --------
[I 2021-10-06T06:49:55.128Z main:store:plugins:iap] The user is not allowed to make in-app purchase.
[I 2021-10-06T06:49:55.302Z main:store:plugins:electron] Application will finish launching.
[I 2021-10-06T06:49:55.309Z main:store:plugins:electron] Application arguments: ["/usr/lib/electron5/electron","/usr/share/XMind2020/app.asar","/opt/XMind/XMind","--no-sandbox"]
[I 2021-10-06T06:49:55.310Z main:store:plugins:electron] Application is ready.
[I 2021-10-06T06:49:55.322Z main:store:plugins:open-handler] Recover: Map {
  '1' => [ { source: 'new://workbook?theme=M15&template=map&title=ZEN',
      editorId: '24dacac02c191e9cd1887bd4aa' } ] }
[I 2021-10-06T06:49:55.326Z main:store:plugins:activation-updater] Start updating subscription information periodically.
[I 2021-10-06T06:49:55.326Z main:store:plugins:activation-updater] Schedule refresh timeout(60000).
[I 2021-10-06T06:49:55.326Z main:store:plugins:activation-updater] Start updating per-machine license information periodically.
[I 2021-10-06T06:49:55.326Z main:store:plugins:activation-updater] Schedule refresh timeout(60000).
[W 2021-10-06T06:49:55.418Z main:store:plugins:electron] Failed to load pricing: Error: Request to https://www.xmind.net/_res/get-zen-price?p=vana_linux_64&v=10.1.2.202004142327&os=linux&ar=x64&nl=en-US failed, reason: net::ERR_NAME_RESOLUTION_FAILED
    at ClientRequest.<anonymous> (/usr/share/XMind2020/app.asar/main/main.js:30:124638)
    at ClientRequest.emit (events.js:194:13)
    at URLRequest._emitRequestEvent (/usr/lib/electron5/resources/electron.asar/browser/api/net.js:90:24)
[E 2021-10-06T06:49:55.423Z Notification] Error: Request to https://www.xmind.net/_api/events?p=vana_linux_64&v=10.1.2.202004142327&ar=x64&nl=en-US&ac=trial&lic=&ts0=1631784631822&ts1=1632903472674&ts2=1633351760364&ts3=1633501181455&os=linux&version=10.1.2&buildid=10.1.2.202004142327&arch=x64&distrib=vana_linux_64&account_type=trial&license_info=&firstStartTimestamp=1631784631822&startTimestamp1=1632903472674&startTimestamp2=1633351760364&startTimestamp3=1633501181455 failed, reason: net::ERR_NAME_RESOLUTION_FAILED
    at ClientRequest.<anonymous> (/usr/share/XMind2020/app.asar/main/main.js:30:124638)
    at ClientRequest.emit (events.js:194:13)
    at URLRequest._emitRequestEvent (/usr/lib/electron5/resources/electron.asar/browser/api/net.js:90:24)
[I 2021-10-06T06:49:55.424Z main:store:plugins:electron] Device ID: 063ad97f-98de-469d-ada4-60c36381301e
[I 2021-10-06T06:50:11.541Z snowbrush] Export image time: from 1633503011541 to 1633503011541.
[I 2021-10-06T06:50:55.327Z main:store:plugins:activation-updater] Schedule refresh timeout(null).
[E 2021-10-06T06:50:55.328Z main:store:plugins:activation-updater] Failed to update subscription information: Error: Request to https://www.xmind.net/_res/devices failed, reason: net::ERR_NAME_RESOLUTION_FAILED
    at ClientRequest.<anonymous> (/usr/share/XMind2020/app.asar/main/main.js:30:124638)
    at ClientRequest.emit (events.js:194:13)
    at URLRequest._emitRequestEvent (/usr/lib/electron5/resources/electron.asar/browser/api/net.js:90:24)
[I 2021-10-06T06:50:55.328Z main:store:plugins:activation-updater] Schedule refresh timeout(120000).
[W 2021-10-06T06:50:55.428Z UsageTracker] Send fail: Error: Request to https://piwik.xmind.net/piwik.php failed, reason: net::ERR_NAME_RESOLUTION_FAILED
    at ClientRequest.<anonymous> (/usr/share/XMind2020/app.asar/main/main.js:30:124638)
    at ClientRequest.emit (events.js:194:13)
    at URLRequest._emitRequestEvent (/usr/lib/electron5/resources/electron.asar/browser/api/net.js:90:24)
[W 2021-10-06T06:51:55.428Z UsageTracker] Send fail: Error: Request to https://piwik.xmind.net/piwik.php failed, reason: net::ERR_INTERNET_DISCONNECTED
    at ClientRequest.<anonymous> (/usr/share/XMind2020/app.asar/main/main.js:30:124638)
    at ClientRequest.emit (events.js:194:13)
    at URLRequest._emitRequestEvent (/usr/lib/electron5/resources/electron.asar/browser/api/net.js:90:24)
[E 2021-10-06T06:52:55.330Z main:store:plugins:activation-updater] Failed to update subscription information: Error: Request to https://www.xmind.net/_res/devices failed, reason: net::ERR_INTERNET_DISCONNECTED
    at ClientRequest.<anonymous> (/usr/share/XMind2020/app.asar/main/main.js:30:124638)
    at ClientRequest.emit (events.js:194:13)
    at URLRequest._emitRequestEvent (/usr/lib/electron5/resources/electron.asar/browser/api/net.js:90:24)
[I 2021-10-06T06:52:55.331Z main:store:plugins:activation-updater] Schedule refresh timeout(240000).
[I 2021-10-06T06:52:56.693Z main:store:plugins:electron] Application is intended to quit.
-------- SESSION 2021-10-06T06:53:59.298Z (10.1.2+202004142327, linux, x64, 33495117824, XMind Ltd., vana_linux_64) --------
[I 2021-10-06T06:53:59.379Z main:store:plugins:iap] The user is not allowed to make in-app purchase.
[I 2021-10-06T06:54:00.329Z main:store:plugins:electron] Application will finish launching.
[I 2021-10-06T06:54:00.343Z main:store:plugins:electron] Application arguments: ["/usr/lib/electron5/electron","/usr/share/XMind2020/app.asar","/opt/XMind/XMind","--no-sandbox"]
[I 2021-10-06T06:54:00.348Z main:store:plugins:electron] Application is ready.
[I 2021-10-06T06:54:00.369Z main:store:plugins:open-handler] Recover: Map {
  '1' => [ { source: 'new://workbook',
      editorId: '24dacac02c191e9cd1887bd4aa' } ] }
[I 2021-10-06T06:54:00.374Z main:store:plugins:activation-updater] Start updating subscription information periodically.
[I 2021-10-06T06:54:00.374Z main:store:plugins:activation-updater] Schedule refresh timeout(60000).
[I 2021-10-06T06:54:00.374Z main:store:plugins:activation-updater] Start updating per-machine license information periodically.
[I 2021-10-06T06:54:00.374Z main:store:plugins:activation-updater] Schedule refresh timeout(60000).
[W 2021-10-06T06:54:00.471Z main:store:plugins:electron] Failed to load pricing: Error: Request to https://www.xmind.net/_res/get-zen-price?p=vana_linux_64&v=10.1.2.202004142327&os=linux&ar=x64&nl=en-US failed, reason: net::ERR_NAME_RESOLUTION_FAILED
    at ClientRequest.<anonymous> (/usr/share/XMind2020/app.asar/main/main.js:30:124638)
    at ClientRequest.emit (events.js:194:13)
    at URLRequest._emitRequestEvent (/usr/lib/electron5/resources/electron.asar/browser/api/net.js:90:24)
[E 2021-10-06T06:54:00.473Z Notification] Error: Request to https://www.xmind.net/_api/events?p=vana_linux_64&v=10.1.2.202004142327&ar=x64&nl=en-US&ac=trial&lic=&ts0=1631784631822&ts1=1633351760364&ts2=1633501181455&ts3=1633502995423&os=linux&version=10.1.2&buildid=10.1.2.202004142327&arch=x64&distrib=vana_linux_64&account_type=trial&license_info=&firstStartTimestamp=1631784631822&startTimestamp1=1633351760364&startTimestamp2=1633501181455&startTimestamp3=1633502995423 failed, reason: net::ERR_NAME_RESOLUTION_FAILED
    at ClientRequest.<anonymous> (/usr/share/XMind2020/app.asar/main/main.js:30:124638)
    at ClientRequest.emit (events.js:194:13)
    at URLRequest._emitRequestEvent (/usr/lib/electron5/resources/electron.asar/browser/api/net.js:90:24)
[I 2021-10-06T06:54:00.474Z main:store:plugins:electron] Device ID: 063ad97f-98de-469d-ada4-60c36381301e
[I 2021-10-06T06:55:00.376Z main:store:plugins:activation-updater] Schedule refresh timeout(null).
[E 2021-10-06T06:55:00.376Z main:store:plugins:activation-updater] Failed to update subscription information: Error: Request to https://www.xmind.net/_res/devices failed, reason: net::ERR_NAME_RESOLUTION_FAILED
    at ClientRequest.<anonymous> (/usr/share/XMind2020/app.asar/main/main.js:30:124638)
    at ClientRequest.emit (events.js:194:13)
    at URLRequest._emitRequestEvent (/usr/lib/electron5/resources/electron.asar/browser/api/net.js:90:24)
[I 2021-10-06T06:55:00.376Z main:store:plugins:activation-updater] Schedule refresh timeout(120000).
[W 2021-10-06T06:55:00.479Z UsageTracker] Send fail: Error: Request to https://piwik.xmind.net/piwik.php failed, reason: net::ERR_NAME_RESOLUTION_FAILED
    at ClientRequest.<anonymous> (/usr/share/XMind2020/app.asar/main/main.js:30:124638)
    at ClientRequest.emit (events.js:194:13)
    at URLRequest._emitRequestEvent (/usr/lib/electron5/resources/electron.asar/browser/api/net.js:90:24)
[W 2021-10-06T06:56:00.480Z UsageTracker] Send fail: Error: Request to https://piwik.xmind.net/piwik.php failed, reason: net::ERR_NAME_RESOLUTION_FAILED
    at ClientRequest.<anonymous> (/usr/share/XMind2020/app.asar/main/main.js:30:124638)
    at ClientRequest.emit (events.js:194:13)
    at URLRequest._emitRequestEvent (/usr/lib/electron5/resources/electron.asar/browser/api/net.js:90:24)
[E 2021-10-06T06:57:00.376Z main:store:plugins:activation-updater] Failed to update subscription information: Error: Request to https://www.xmind.net/_res/devices failed, reason: net::ERR_NAME_RESOLUTION_FAILED
    at ClientRequest.<anonymous> (/usr/share/XMind2020/app.asar/main/main.js:30:124638)
    at ClientRequest.emit (events.js:194:13)
    at URLRequest._emitRequestEvent (/usr/lib/electron5/resources/electron.asar/browser/api/net.js:90:24)
[I 2021-10-06T06:57:00.377Z main:store:plugins:activation-updater] Schedule refresh timeout(240000).
[W 2021-10-06T06:58:00.480Z UsageTracker] Send fail: Error: Request to https://piwik.xmind.net/piwik.php failed, reason: net::ERR_INTERNET_DISCONNECTED
    at ClientRequest.<anonymous> (/usr/share/XMind2020/app.asar/main/main.js:30:124638)
    at ClientRequest.emit (events.js:194:13)
    at URLRequest._emitRequestEvent (/usr/lib/electron5/resources/electron.asar/browser/api/net.js:90:24)
[E 2021-10-06T07:01:00.379Z main:store:plugins:activation-updater] Failed to update subscription information: Error: Request to https://www.xmind.net/_res/devices failed, reason: net::ERR_INTERNET_DISCONNECTED
    at ClientRequest.<anonymous> (/usr/share/XMind2020/app.asar/main/main.js:30:124638)
    at ClientRequest.emit (events.js:194:13)
    at URLRequest._emitRequestEvent (/usr/lib/electron5/resources/electron.asar/browser/api/net.js:90:24)
[I 2021-10-06T07:01:00.379Z main:store:plugins:activation-updater] Schedule refresh timeout(480000).
[W 2021-10-06T07:02:00.482Z UsageTracker] Send fail: Error: Request to https://piwik.xmind.net/piwik.php failed, reason: net::ERR_INTERNET_DISCONNECTED
    at ClientRequest.<anonymous> (/usr/share/XMind2020/app.asar/main/main.js:30:124638)
    at ClientRequest.emit (events.js:194:13)
    at URLRequest._emitRequestEvent (/usr/lib/electron5/resources/electron.asar/browser/api/net.js:90:24)
[I 2021-10-06T07:02:50.687Z main:store:plugins:editors:EditorFrame] Frame 1 close
[I 2021-10-06T07:02:54.673Z main:store:plugins:editors:EditorView] User cancel closing editor
[I 2021-10-06T07:02:54.673Z main:store:plugins:editors:EditorFrame] User cancel closing on closing EditorFrame
[I 2021-10-06T07:02:55.605Z main:store:plugins:editors:EditorFrame] Frame 1 close
[I 2021-10-06T07:03:02.512Z main:store:plugins:editors:EditorView] User cancel closing editor
[I 2021-10-06T07:03:02.512Z main:store:plugins:editors:EditorFrame] User cancel closing on closing EditorFrame
[I 2021-10-06T07:03:02.629Z main:store:plugins:editors:EditorFrame] Frame 1 close
[I 2021-10-06T07:03:03.321Z main:store:plugins:editors:EditorFrame] Not find editor view: undefined file:///usr/share/XMind2020/app.asar/renderer/editor-frame.html?frameId=1&_apr=default
[I 2021-10-06T07:03:03.351Z main:store:plugins:editors:EditorFrame] Frame 1 close
[I 2021-10-06T07:03:03.387Z main:store:plugins:electron] Application is intended to quit.
[I 2021-10-06T07:03:03.387Z main:store:plugins:electron] Asking all editors to close their documents...
[I 2021-10-06T07:03:03.404Z main:store:plugins:editors:EditorFrame] Frame 1 webContents destroyed
[I 2021-10-06T07:03:03.414Z main:store:plugins:electron] All documents are closed.
[I 2021-10-06T07:03:03.415Z main:store:plugins:activation-updater] Stop updating per-machine license information periodically.
[I 2021-10-06T07:03:03.415Z main:store:plugins:activation-updater] Stop updating subscription information periodically.
[I 2021-10-06T07:03:03.418Z main:store:plugins:electron] Application is intended to quit.
[I 2021-10-06T07:03:03.418Z main:store:plugins:electron] Application will quit.
[I 2021-10-06T07:03:03.418Z main:store:plugins:electron] Application quitted.
[W 2021-10-06T07:03:03.418Z UsageTracker] Send fail: Error: Request to https://piwik.xmind.net/piwik.php failed, reason: net::ERR_NAME_RESOLUTION_FAILED
    at ClientRequest.<anonymous> (/usr/share/XMind2020/app.asar/main/main.js:30:124638)
    at ClientRequest.emit (events.js:194:13)
    at URLRequest._emitRequestEvent (/usr/lib/electron5/resources/electron.asar/browser/api/net.js:90:24)
