
-------- SESSION 2021-09-16T09:30:06.149Z (10.1.2+202004142327, linux, x64, 33495121920, XMind Ltd., vana_linux_64) --------
[I 2021-09-16T09:30:06.185Z main:store:plugins:memento] Migration start
[I 2021-09-16T09:30:06.187Z main:store:plugins:memento] Migration stop, vud directory doesn't exist
[I 2021-09-16T09:30:06.187Z main:store:plugins:memento] Migration completed [] . used time: 0 sec.
[I 2021-09-16T09:30:06.188Z main:store:plugins:memento] Migration 2 start
[I 2021-09-16T09:30:06.188Z main:store:plugins:memento] Migration 2 completed.
[I 2021-09-16T09:30:06.188Z main:store:plugins:memento] Migration 3 start
[I 2021-09-16T09:30:06.188Z main:store:plugins:memento] perMachineLicense.json Reading...
[I 2021-09-16T09:30:06.188Z main:store:plugins:memento] Migration 3 completed.
[I 2021-09-16T09:30:06.338Z main:store:plugins:iap] The user is not allowed to make in-app purchase.
[I 2021-09-16T09:30:06.516Z main:store:plugins:electron] Application will finish launching.
[I 2021-09-16T09:30:06.524Z main:store:plugins:electron] Application arguments: ["/usr/lib/electron5/electron","/usr/share/XMind2020/app.asar","/opt/XMind/XMind","--no-sandbox"]
[I 2021-09-16T09:30:06.532Z main:store:plugins:electron] Application is ready.
[I 2021-09-16T09:30:06.619Z main:store:plugins:electron] Device ID: 063ad97f-98de-469d-ada4-60c36381301e
[I 2021-09-16T09:30:31.670Z main:store:plugins:open-handler] Recover: Map {}
[I 2021-09-16T09:30:31.670Z main:store:plugins:activation-updater] Start updating subscription information periodically.
[I 2021-09-16T09:30:31.671Z main:store:plugins:activation-updater] Schedule refresh timeout(60000).
[I 2021-09-16T09:30:31.671Z main:store:plugins:activation-updater] Start updating per-machine license information periodically.
[I 2021-09-16T09:30:31.671Z main:store:plugins:activation-updater] Schedule refresh timeout(60000).
[I 2021-09-16T09:31:31.674Z main:store:plugins:activation-updater] Schedule refresh timeout(null).
[I 2021-09-16T09:31:32.138Z main:store:plugins:activation-updater] Schedule refresh timeout(null).
[I 2021-09-16T09:31:42.672Z snowbrush] Export image time: from 1631784702672 to 1631784702672.
[I 2021-09-16T09:34:54.157Z main:store:plugins:editors:EditorFrame] Frame 1 close
[I 2021-09-16T09:34:54.171Z main:store:plugins:editors:EditorFrame] Not find editor view: undefined file:///usr/share/XMind2020/app.asar/renderer/editor-frame.html?frameId=1&_apr=default
[I 2021-09-16T09:34:54.219Z main:store:plugins:editors:EditorFrame] Frame 1 close
[I 2021-09-16T09:34:54.279Z main:store:plugins:electron] Application is intended to quit.
[I 2021-09-16T09:34:54.279Z main:store:plugins:electron] Asking all editors to close their documents...
[I 2021-09-16T09:34:54.295Z main:store:plugins:editors:EditorFrame] Frame 1 webContents destroyed
[I 2021-09-16T09:34:54.306Z main:store:plugins:electron] All documents are closed.
[I 2021-09-16T09:34:54.307Z main:store:plugins:activation-updater] Stop updating per-machine license information periodically.
[I 2021-09-16T09:34:54.307Z main:store:plugins:activation-updater] Stop updating subscription information periodically.
[I 2021-09-16T09:34:54.310Z main:store:plugins:electron] Application is intended to quit.
[I 2021-09-16T09:34:54.311Z main:store:plugins:electron] Application will quit.
[I 2021-09-16T09:34:54.311Z main:store:plugins:electron] Application quitted.
