2021-09-11 12:06:28 Loading main app package /usr/lib/obsidian/obsidian.asar
2021-09-11 12:06:28 Checking for update using Github
2021-09-11 12:06:28 Success.
2021-09-11 12:06:28 Latest version is 0.12.15
2021-09-11 12:06:28 App is up to date.
2021-09-11 12:21:39 Loading main app package /usr/lib/obsidian/obsidian.asar
2021-09-11 12:21:39 Checking for update using Github
2021-09-11 12:21:39 Success.
2021-09-11 12:21:39 Latest version is 0.12.15
2021-09-11 12:21:39 App is up to date.
2021-09-11 13:21:39 Checking for update using Github
2021-09-11 13:21:39 Success.
2021-09-11 13:21:39 Latest version is 0.12.15
2021-09-11 13:21:39 App is up to date.
2021-09-11 14:21:39 Checking for update using Github
2021-09-11 14:21:39 Success.
2021-09-11 14:21:39 Latest version is 0.12.15
2021-09-11 14:21:39 App is up to date.
2021-09-11 15:21:39 Checking for update using Github
2021-09-11 15:21:39 Success.
2021-09-11 15:21:39 Latest version is 0.12.15
2021-09-11 15:21:39 App is up to date.
2021-09-11 16:21:39 Checking for update using Github
2021-09-11 16:21:39 Success.
2021-09-11 16:21:39 Latest version is 0.12.15
2021-09-11 16:21:39 App is up to date.
2021-09-11 17:21:39 Checking for update using Github
2021-09-11 17:21:39 Success.
2021-09-11 17:21:39 Latest version is 0.12.15
2021-09-11 17:21:39 App is up to date.
2021-09-11 18:21:39 Checking for update using Github
2021-09-11 18:21:39 Success.
2021-09-11 18:21:39 Latest version is 0.12.15
2021-09-11 18:21:39 App is up to date.
2021-09-11 19:21:39 Checking for update using Github
2021-09-11 19:21:39 Success.
2021-09-11 19:21:39 Latest version is 0.12.15
2021-09-11 19:21:39 App is up to date.
2021-09-11 20:21:39 Checking for update using Github
2021-09-11 20:21:40 Success.
2021-09-11 20:21:40 Latest version is 0.12.15
2021-09-11 20:21:40 App is up to date.
2021-09-14 05:42:51 Loading main app package /usr/lib/obsidian/obsidian.asar
2021-09-14 05:42:51 Checking for update using Github
2021-09-14 05:42:52 Success.
2021-09-14 05:42:52 Latest version is 0.12.15
2021-09-14 05:42:52 App is up to date.
2021-09-14 08:22:08 Loading main app package /usr/lib/obsidian/obsidian.asar
2021-09-14 08:22:08 Checking for update using Github
2021-09-14 08:22:08 Success.
2021-09-14 08:22:08 Latest version is 0.12.15
2021-09-14 08:22:08 App is up to date.
2021-09-14 09:17:46 Loading main app package /usr/lib/obsidian/obsidian.asar
2021-09-14 09:17:46 Checking for update using Github
2021-09-14 09:17:46 Failed to check for update using Github (net::ERR_NAME_NOT_RESOLVED)
2021-09-14 09:17:46 Checking for update using obsidian.md
2021-09-14 09:17:46 Failed to check for update using obsidian.md (net::ERR_NAME_NOT_RESOLVED)
2021-09-14 09:30:52 Loading main app package /usr/lib/obsidian/obsidian.asar
2021-09-14 09:30:52 Checking for update using Github
2021-09-14 09:31:09 Failed to check for update using Github (net::ERR_NAME_NOT_RESOLVED)
2021-09-14 09:31:09 Checking for update using obsidian.md
2021-09-14 09:35:16 Failed to check for update using obsidian.md (net::ERR_TIMED_OUT)
2021-09-14 10:27:58 Loading main app package /usr/lib/obsidian/obsidian.asar
2021-09-14 10:27:58 Checking for update using Github
2021-09-14 10:30:55 Loading main app package /usr/lib/obsidian/obsidian.asar
2021-09-14 10:30:55 Checking for update using Github
2021-09-14 10:34:55 Failed to check for update using Github (net::ERR_TIMED_OUT)
2021-09-14 10:34:55 Checking for update using obsidian.md
2021-09-14 10:34:59 Failed to check for update using obsidian.md (net::ERR_QUIC_PROTOCOL_ERROR)
2021-09-14 13:31:23 Loading main app package /usr/lib/obsidian/obsidian.asar
2021-09-14 13:31:23 Checking for update using Github
2021-09-14 13:31:24 Success.
2021-09-14 13:31:24 Latest version is 0.12.15
2021-09-14 13:31:24 App is up to date.
2021-09-15 06:08:12 Loading main app package /usr/lib/obsidian/obsidian.asar
2021-09-15 06:08:12 Checking for update using Github
2021-09-15 06:08:12 Failed to check for update using Github (net::ERR_CONNECTION_REFUSED)
2021-09-15 06:08:12 Checking for update using obsidian.md
2021-09-15 06:08:30 Loading main app package /usr/lib/obsidian/obsidian.asar
2021-09-15 06:08:30 Checking for update using Github
2021-09-15 06:08:30 Failed to check for update using Github (net::ERR_CONNECTION_REFUSED)
2021-09-15 06:08:30 Checking for update using obsidian.md
2021-09-15 06:08:34 Failed to check for update using obsidian.md (net::ERR_QUIC_PROTOCOL_ERROR)
2021-09-15 07:38:39 Loading main app package /usr/lib/obsidian/obsidian.asar
2021-09-15 07:38:39 Checking for update using Github
2021-09-15 07:38:40 Failed to check for update using Github (net::ERR_CONNECTION_REFUSED)
2021-09-15 07:38:40 Checking for update using obsidian.md
2021-09-15 07:38:43 Failed to check for update using obsidian.md (net::ERR_QUIC_PROTOCOL_ERROR)
2021-09-15 09:54:31 Loading main app package /usr/lib/obsidian/obsidian.asar
2021-09-15 09:54:32 Checking for update using Github
2021-09-15 09:54:53 Failed to check for update using Github (net::ERR_CONNECTION_REFUSED)
2021-09-15 09:54:53 Checking for update using obsidian.md
2021-09-15 09:54:57 Failed to check for update using obsidian.md (net::ERR_QUIC_PROTOCOL_ERROR)
2021-09-16 12:50:19 Loading main app package /usr/lib/obsidian/obsidian.asar
2021-09-16 12:50:19 Checking for update using Github
2021-09-16 12:50:20 Success.
2021-09-16 12:50:20 Latest version is 0.12.15
2021-09-16 12:50:20 App is up to date.
2021-09-17 07:35:23 Loading main app package /usr/lib/obsidian/obsidian.asar
2021-09-17 07:35:24 Checking for update using Github
2021-09-17 07:35:24 Failed to check for update using Github (net::ERR_INTERNET_DISCONNECTED)
2021-09-17 07:35:24 Checking for update using obsidian.md
2021-09-17 07:35:24 Failed to check for update using obsidian.md (net::ERR_INTERNET_DISCONNECTED)
2021-09-18 16:25:32 Loading main app package /usr/lib/obsidian/obsidian.asar
2021-09-18 16:25:32 Checking for update using Github
2021-09-18 16:25:32 Success.
2021-09-18 16:25:32 Latest version is 0.12.15
2021-09-18 16:25:32 App is up to date.
2021-09-18 16:26:02 Loading main app package /usr/lib/obsidian/obsidian.asar
2021-09-18 16:26:03 Checking for update using Github
2021-09-18 16:26:03 Success.
2021-09-18 16:26:03 Latest version is 0.12.15
2021-09-18 16:26:03 App is up to date.
2021-09-18 17:26:02 Checking for update using Github
2021-09-18 17:26:03 Success.
2021-09-18 17:26:03 Latest version is 0.12.15
2021-09-18 17:26:03 App is up to date.
2021-09-19 09:46:10 Loading main app package /usr/lib/obsidian/obsidian.asar
2021-09-19 09:46:10 Checking for update using Github
2021-09-19 09:46:11 Success.
2021-09-19 09:46:11 Latest version is 0.12.15
2021-09-19 09:46:11 App is up to date.
2021-09-19 10:05:24 Loading main app package /usr/lib/obsidian/obsidian.asar
2021-09-19 10:05:24 Checking for update using Github
2021-09-19 10:05:24 Success.
2021-09-19 10:05:24 Latest version is 0.12.15
2021-09-19 10:05:24 App is up to date.
2021-09-19 10:09:48 Loading main app package /usr/lib/obsidian/obsidian.asar
2021-09-19 10:09:48 Checking for update using Github
2021-09-19 10:09:48 Success.
2021-09-19 10:09:48 Latest version is 0.12.15
2021-09-19 10:09:48 App is up to date.
2021-09-19 10:11:27 Loading main app package /usr/lib/obsidian/obsidian.asar
2021-09-19 10:11:27 Checking for update using Github
2021-09-19 10:11:27 Success.
2021-09-19 10:11:27 Latest version is 0.12.15
2021-09-19 10:11:27 App is up to date.
2021-09-19 10:18:46 Loading main app package /usr/lib/obsidian/obsidian.asar
2021-09-19 10:18:46 Checking for update using Github
2021-09-19 10:18:46 Success.
2021-09-19 10:18:46 Latest version is 0.12.15
2021-09-19 10:18:46 App is up to date.
2021-09-19 11:18:46 Checking for update using Github
2021-09-19 11:18:46 Success.
2021-09-19 11:18:46 Latest version is 0.12.15
2021-09-19 11:18:46 App is up to date.
2021-09-19 11:45:11 Loading main app package /usr/lib/obsidian/obsidian.asar
2021-09-19 11:45:11 Checking for update using Github
2021-09-19 11:45:11 Success.
2021-09-19 11:45:11 Latest version is 0.12.15
2021-09-19 11:45:11 App is up to date.
2021-09-19 12:45:11 Checking for update using Github
2021-09-19 12:45:11 Success.
2021-09-19 12:45:11 Latest version is 0.12.15
2021-09-19 12:45:11 App is up to date.
2021-09-20 07:35:18 Loading main app package /usr/lib/obsidian/obsidian.asar
2021-09-20 07:35:19 Checking for update using Github
2021-09-20 07:35:19 Failed to check for update using Github (net::ERR_INTERNET_DISCONNECTED)
2021-09-20 07:35:19 Checking for update using obsidian.md
2021-09-20 07:35:19 Failed to check for update using obsidian.md (net::ERR_INTERNET_DISCONNECTED)
2021-09-20 17:24:14 Loading main app package /usr/lib/obsidian/obsidian.asar
2021-09-20 17:24:14 Checking for update using Github
2021-09-20 17:24:14 Success.
2021-09-20 17:24:14 Latest version is 0.12.15
2021-09-20 17:24:14 App is up to date.
2021-09-21 09:20:48 Loading main app package /usr/lib/obsidian/obsidian.asar
2021-09-21 09:20:48 Checking for update using Github
2021-09-21 09:20:48 Failed to check for update using Github (net::ERR_CONNECTION_REFUSED)
2021-09-21 09:20:48 Checking for update using obsidian.md
2021-09-21 09:20:52 Failed to check for update using obsidian.md (net::ERR_QUIC_PROTOCOL_ERROR)
2021-09-21 10:03:08 Loading main app package /usr/lib/obsidian/obsidian.asar
2021-09-21 10:03:09 Checking for update using Github
2021-09-21 10:03:09 Failed to check for update using Github (net::ERR_CONNECTION_REFUSED)
2021-09-21 10:03:09 Checking for update using obsidian.md
2021-09-21 10:03:13 Failed to check for update using obsidian.md (net::ERR_QUIC_PROTOCOL_ERROR)
2021-09-22 05:47:06 Loading main app package /usr/lib/obsidian/obsidian.asar
2021-09-22 05:47:06 Checking for update using Github
2021-09-22 05:47:11 Failed to check for update using Github (net::ERR_CONNECTION_REFUSED)
2021-09-22 05:47:11 Checking for update using obsidian.md
2021-09-22 05:47:11 Failed to check for update using obsidian.md (net::ERR_ADDRESS_UNREACHABLE)
2021-09-22 07:15:29 Checking for update using Github
2021-09-22 07:17:04 Failed to check for update using Github (net::ERR_NETWORK_CHANGED)
2021-09-22 07:17:04 Checking for update using obsidian.md
2021-09-22 07:17:04 Failed to check for update using obsidian.md (net::ERR_INTERNET_DISCONNECTED)
2021-09-24 07:35:05 Loading main app package /usr/lib/obsidian/obsidian.asar
2021-09-24 07:35:05 Checking for update using Github
2021-09-24 07:35:05 Failed to check for update using Github (net::ERR_INTERNET_DISCONNECTED)
2021-09-24 07:35:05 Checking for update using obsidian.md
2021-09-24 07:35:05 Failed to check for update using obsidian.md (net::ERR_INTERNET_DISCONNECTED)
2021-09-27 09:19:02 Loading main app package /usr/lib/obsidian/obsidian.asar
2021-09-27 09:19:02 Checking for update using Github
2021-09-27 09:19:22 Failed to check for update using Github (net::ERR_NAME_NOT_RESOLVED)
2021-09-27 09:19:22 Checking for update using obsidian.md
2021-09-27 09:19:27 Failed to check for update using obsidian.md (net::ERR_ADDRESS_UNREACHABLE)
2021-09-27 10:08:58 Loading main app package /usr/lib/obsidian/obsidian.asar
2021-09-27 10:08:58 Checking for update using Github
2021-09-27 10:08:58 Failed to check for update using Github (net::ERR_CONNECTION_REFUSED)
2021-09-27 10:08:58 Checking for update using obsidian.md
2021-09-27 10:08:58 Failed to check for update using obsidian.md (net::ERR_ADDRESS_UNREACHABLE)
2021-09-28 09:35:52 Loading main app package /usr/lib/obsidian/obsidian.asar
2021-09-28 09:35:52 Checking for update using Github
2021-09-28 09:35:52 Success.
2021-09-28 09:35:52 Latest version is 0.12.15
2021-09-28 09:35:52 App is up to date.
2021-09-28 10:35:52 Checking for update using Github
2021-09-28 10:35:52 Success.
2021-09-28 10:35:52 Latest version is 0.12.15
2021-09-28 10:35:52 App is up to date.
2021-09-28 15:05:38 Loading main app package /usr/lib/obsidian/obsidian.asar
2021-09-28 15:05:38 Checking for update using Github
2021-09-28 15:05:38 Failed to check for update using Github (net::ERR_CONNECTION_REFUSED)
2021-09-28 15:05:38 Checking for update using obsidian.md
2021-09-28 15:05:42 Failed to check for update using obsidian.md (net::ERR_QUIC_PROTOCOL_ERROR)
2021-09-29 05:54:02 Loading main app package /usr/lib/obsidian/obsidian.asar
2021-09-29 05:54:02 Checking for update using Github
2021-09-29 05:54:03 Success.
2021-09-29 05:54:03 Latest version is 0.12.15
2021-09-29 05:54:03 App is up to date.
2021-09-29 06:54:02 Checking for update using Github
2021-09-29 06:54:03 Success.
2021-09-29 06:54:03 Latest version is 0.12.15
2021-09-29 06:54:03 App is up to date.
2021-09-29 08:14:33 Loading main app package /usr/lib/obsidian/obsidian.asar
2021-09-29 08:14:33 Checking for update using Github
2021-09-29 08:14:44 Failed to check for update using Github (net::ERR_CONNECTION_REFUSED)
2021-09-29 08:14:44 Checking for update using obsidian.md
2021-09-29 08:14:48 Failed to check for update using obsidian.md (net::ERR_QUIC_PROTOCOL_ERROR)
2021-09-29 08:17:26 Loading main app package /usr/lib/obsidian/obsidian.asar
2021-09-29 08:17:26 Checking for update using Github
2021-09-29 08:17:38 Failed to check for update using Github (net::ERR_CONNECTION_REFUSED)
2021-09-29 08:17:38 Checking for update using obsidian.md
2021-09-29 08:17:42 Failed to check for update using obsidian.md (net::ERR_QUIC_PROTOCOL_ERROR)
2021-09-30 12:41:28 Loading main app package /usr/lib/obsidian/obsidian.asar
2021-09-30 12:41:28 Checking for update using Github
2021-09-30 12:42:41 Failed to check for update using Github (net::ERR_NETWORK_CHANGED)
2021-09-30 12:42:41 Checking for update using obsidian.md
2021-09-30 12:42:41 Failed to check for update using obsidian.md (net::ERR_INTERNET_DISCONNECTED)
2021-10-01 07:34:49 Loading main app package /usr/lib/obsidian/obsidian.asar
2021-10-01 07:34:49 Checking for update using Github
2021-10-01 07:34:49 Failed to check for update using Github (net::ERR_INTERNET_DISCONNECTED)
2021-10-01 07:34:49 Checking for update using obsidian.md
2021-10-01 07:34:49 Failed to check for update using obsidian.md (net::ERR_INTERNET_DISCONNECTED)
2021-10-03 10:27:56 Loading main app package /usr/lib/obsidian/obsidian.asar
2021-10-03 10:27:56 Checking for update using Github
2021-10-03 10:27:56 Failed to check for update using Github (net::ERR_INTERNET_DISCONNECTED)
2021-10-03 10:27:56 Checking for update using obsidian.md
2021-10-03 10:27:56 Failed to check for update using obsidian.md (net::ERR_INTERNET_DISCONNECTED)
2021-10-03 10:52:29 Loading main app package /usr/lib/obsidian/obsidian.asar
2021-10-03 10:52:30 Checking for update using Github
2021-10-03 10:52:30 Failed to check for update using Github (net::ERR_INTERNET_DISCONNECTED)
2021-10-03 10:52:30 Checking for update using obsidian.md
2021-10-03 10:52:30 Failed to check for update using obsidian.md (net::ERR_INTERNET_DISCONNECTED)
2021-10-03 13:17:43 Loading main app package /usr/lib/obsidian/obsidian.asar
2021-10-03 13:17:43 Checking for update using Github
2021-10-03 13:17:43 Failed to check for update using Github (net::ERR_INTERNET_DISCONNECTED)
2021-10-03 13:17:43 Checking for update using obsidian.md
2021-10-03 13:17:43 Failed to check for update using obsidian.md (net::ERR_INTERNET_DISCONNECTED)
2021-10-03 17:24:35 Loading main app package /usr/lib/obsidian/obsidian.asar
2021-10-03 17:24:35 Checking for update using Github
2021-10-03 17:24:35 Success.
2021-10-03 17:24:35 Latest version is 0.12.15
2021-10-03 17:24:35 App is up to date.
2021-10-04 07:51:24 Loading main app package /usr/lib/obsidian/obsidian.asar
2021-10-04 07:51:24 Checking for update using Github
2021-10-04 07:51:24 Failed to check for update using Github (net::ERR_INTERNET_DISCONNECTED)
2021-10-04 07:51:24 Checking for update using obsidian.md
2021-10-04 07:51:24 Failed to check for update using obsidian.md (net::ERR_INTERNET_DISCONNECTED)
2021-10-04 12:38:56 Loading main app package /usr/lib/obsidian/obsidian.asar
2021-10-04 12:38:56 Checking for update using Github
2021-10-04 12:38:57 Success.
2021-10-04 12:38:57 Latest version is 0.12.15
2021-10-04 12:38:57 App is up to date.
2021-10-05 14:16:37 Loading main app package /usr/lib/obsidian/obsidian.asar
2021-10-05 14:16:37 Checking for update using Github
2021-10-05 14:16:37 Failed to check for update using Github (net::ERR_INTERNET_DISCONNECTED)
2021-10-05 14:16:37 Checking for update using obsidian.md
2021-10-05 14:16:37 Failed to check for update using obsidian.md (net::ERR_INTERNET_DISCONNECTED)
2021-10-06 05:45:31 Loading main app package /usr/lib/obsidian/obsidian.asar
2021-10-06 05:45:31 Checking for update using Github
2021-10-06 05:45:31 Failed to check for update using Github (net::ERR_NAME_NOT_RESOLVED)
2021-10-06 05:45:31 Checking for update using obsidian.md
2021-10-06 05:45:31 Failed to check for update using obsidian.md (net::ERR_NAME_NOT_RESOLVED)
2021-10-06 05:47:27 Loading main app package /usr/lib/obsidian/obsidian.asar
2021-10-06 05:47:27 Checking for update using Github
2021-10-06 05:47:27 Failed to check for update using Github (net::ERR_NAME_NOT_RESOLVED)
2021-10-06 05:47:27 Checking for update using obsidian.md
2021-10-06 05:47:27 Failed to check for update using obsidian.md (net::ERR_NAME_NOT_RESOLVED)
2021-10-06 09:19:56 Loading main app package /usr/lib/obsidian/obsidian.asar
2021-10-06 09:19:56 Checking for update using Github
2021-10-06 09:19:56 Failed to check for update using Github (net::ERR_CONNECTION_REFUSED)
2021-10-06 09:19:56 Checking for update using obsidian.md
2021-10-06 09:19:56 Failed to check for update using obsidian.md (net::ERR_ADDRESS_UNREACHABLE)
2021-10-06 18:40:29 Loading main app package /usr/lib/obsidian/obsidian.asar
2021-10-06 18:40:29 Checking for update using Github
2021-10-06 18:40:30 Success.
2021-10-06 18:40:30 Latest version is 0.12.15
2021-10-06 18:40:30 App is up to date.
2021-10-06 19:05:48 Loading main app package /usr/lib/obsidian/obsidian.asar
2021-10-06 19:05:48 Checking for update using Github
2021-10-06 19:05:48 Success.
2021-10-06 19:05:48 Latest version is 0.12.15
2021-10-06 19:05:48 App is up to date.
2021-10-06 20:19:29 Loading main app package /usr/lib/obsidian/obsidian.asar
2021-10-06 20:19:29 Checking for update using Github
2021-10-06 20:19:30 Success.
2021-10-06 20:19:30 Latest version is 0.12.15
2021-10-06 20:19:30 App is up to date.
2021-10-07 12:44:08 Loading main app package /usr/lib/obsidian/obsidian.asar
2021-10-07 12:44:09 Checking for update using Github
2021-10-07 12:44:09 Failed to check for update using Github (net::ERR_CONNECTION_REFUSED)
2021-10-07 12:44:09 Checking for update using obsidian.md
2021-10-07 12:44:13 Failed to check for update using obsidian.md (net::ERR_QUIC_PROTOCOL_ERROR)
2021-10-07 15:07:15 Checking for update using Github
2021-10-07 15:07:15 Success.
2021-10-07 15:07:15 Latest version is 0.12.15
2021-10-07 15:07:15 App is up to date.
2021-10-08 09:23:14 Loading main app package /usr/lib/obsidian/obsidian.asar
2021-10-08 09:23:15 Checking for update using Github
2021-10-08 09:23:15 Failed to check for update using Github (net::ERR_CONNECTION_REFUSED)
2021-10-08 09:23:15 Checking for update using obsidian.md
2021-10-09 19:51:16 Loading main app package /usr/lib/obsidian/obsidian.asar
2021-10-09 19:51:17 Checking for update using Github
2021-10-09 19:51:17 Success.
2021-10-09 19:51:17 Latest version is 0.12.15
2021-10-09 19:51:17 App is up to date.
2021-10-11 12:03:22 Loading main app package /usr/lib/obsidian/obsidian.asar
2021-10-11 12:03:22 Checking for update using Github
2021-10-11 12:03:23 Failed to check for update using Github (net::ERR_NETWORK_CHANGED)
2021-10-11 12:03:23 Checking for update using obsidian.md
2021-10-11 12:03:23 Failed to check for update using obsidian.md (net::ERR_NETWORK_CHANGED)
2021-10-12 09:22:26 Loading main app package /usr/lib/obsidian/obsidian.asar
2021-10-12 09:22:27 Checking for update using Github
2021-10-12 09:22:52 Failed to check for update using Github (net::ERR_NAME_NOT_RESOLVED)
2021-10-12 09:22:52 Checking for update using obsidian.md
2021-10-12 09:23:12 Failed to check for update using obsidian.md (net::ERR_NAME_NOT_RESOLVED)
2021-10-12 13:39:14 Loading main app package /usr/lib/obsidian/obsidian.asar
2021-10-12 13:39:14 Checking for update using Github
2021-10-12 13:39:15 Failed to check for update using Github (net::ERR_CONNECTION_REFUSED)
2021-10-12 13:39:15 Checking for update using obsidian.md
2021-10-12 13:39:15 Failed to check for update using obsidian.md (net::ERR_ADDRESS_UNREACHABLE)
2021-10-13 05:53:29 Loading main app package /usr/lib/obsidian/obsidian.asar
2021-10-13 05:53:29 Checking for update using Github
2021-10-13 05:53:29 Success.
2021-10-13 05:53:29 Latest version is 0.12.15
2021-10-13 05:53:29 App is up to date.
2021-10-13 06:53:29 Checking for update using Github
2021-10-13 06:53:29 Success.
2021-10-13 06:53:29 Latest version is 0.12.15
2021-10-13 06:53:29 App is up to date.
2021-10-13 08:11:59 Checking for update using Github
2021-10-13 08:11:59 Failed to check for update using Github (net::ERR_NETWORK_CHANGED)
2021-10-13 08:11:59 Checking for update using obsidian.md
2021-10-13 08:11:59 Failed to check for update using obsidian.md (net::ERR_INTERNET_DISCONNECTED)
2021-10-14 12:40:00 Loading main app package /usr/lib/obsidian/obsidian.asar
2021-10-14 12:40:00 Checking for update using Github
2021-10-14 12:44:01 Failed to check for update using Github (net::ERR_TIMED_OUT)
2021-10-14 12:44:01 Checking for update using obsidian.md
2021-10-14 12:44:01 Failed to check for update using obsidian.md (net::ERR_TIMED_OUT)
2021-10-15 07:36:21 Loading main app package /usr/lib/obsidian/obsidian.asar
2021-10-15 07:36:21 Checking for update using Github
2021-10-15 07:36:22 Success.
2021-10-15 07:36:22 Latest version is 0.12.15
2021-10-15 07:36:22 App is up to date.
