[2021-09-11 11:20:32.815] [info] Checking for update
[2021-09-11 11:20:32.867] [info] Error reading /home/xilo/.config/notion-app/cookies.json {
  constructor: 'Error',
  errno: -2,
  syscall: 'open',
  code: 'ENOENT',
  path: '/home/xilo/.config/notion-app/cookies.json',
  stack: "Error: /home/xilo/.config/notion-app/cookies.json: ENOENT: no such file or directory, open '/home/xilo/.config/notion-app/cookies.json'\n" +
    '    at Object.openSync (fs.js:466:3)\n' +
    '    at Object.func [as openSync] (electron/js2c/asar_bundle.js:5:1812)\n' +
    '    at Object.readFileSync (fs.js:368:35)\n' +
    '    at Object.e.readFileSync (electron/js2c/asar_bundle.js:5:8592)\n' +
    '    at Object.readFileSync (/opt/Notion/resources/app.asar/node_modules/jsonfile/index.js:61:22)\n' +
    '    at JsonStore.loadSync (/opt/Notion/resources/app.asar/main/JsonStore.js:37:44)\n' +
    '    at new JsonStore (/opt/Notion/resources/app.asar/main/JsonStore.js:14:14)\n' +
    '    at Object.<anonymous> (/opt/Notion/resources/app.asar/main/schemeHandler.js:24:25)\n' +
    '    at Module._compile (internal/modules/cjs/loader.js:1152:30)\n' +
    '    at Object.Module._extensions..js (internal/modules/cjs/loader.js:1173:10)'
}
[2021-09-11 11:20:33.073] [info] {
  level: 'info',
  from: 'AssetCache',
  type: 'latestVersionPath',
  data: {
    message: 'latestVersion.json path /home/xilo/.config/notion-app/notionAssetCache-v2/latestVersion.json'
  }
}
[2021-09-11 11:20:33.075] [error] Error: Error: ENOENT: no such file or directory, open '/opt/Notion/resources/app-update.yml'
[2021-09-11 11:20:33.076] [info] {
  level: 'info',
  from: 'AssetCache',
  type: 'errorReadingPath',
  error: {
    name: 'Error',
    message: "ENOENT: no such file or directory, open '/home/xilo/.config/notion-app/notionAssetCache-v2/latestVersion.json'",
    stack: "Error: ENOENT: no such file or directory, open '/home/xilo/.config/notion-app/notionAssetCache-v2/latestVersion.json'"
  },
  data: {
    message: 'Error reading /home/xilo/.config/notion-app/notionAssetCache-v2/latestVersion.json'
  }
}
[2021-09-11 11:20:33.076] [info] {
  level: 'info',
  from: 'AssetCache',
  type: 'currentVersionLoaded',
  data: {}
}
[2021-09-11 11:20:33.077] [info] {
  level: 'info',
  from: 'AssetCache',
  type: 'syncVersionEmptyLatestVersion'
}
[2021-09-11 11:20:33.077] [info] {
  level: 'info',
  from: 'AssetCache',
  type: 'currentSyncedAssetsJson',
  data: {}
}
[2021-09-11 11:20:46.193] [info] Checking for update
[2021-09-11 11:20:46.327] [info] {
  level: 'error',
  from: 'main',
  type: 'uncaughtException',
  error: {
    name: 'TypeError',
    message: 'Error processing argument at index 0, conversion failure from ',
    stack: 'TypeError: Error processing argument at index 0, conversion failure from \n' +
      '    at BrowserWindow.setBounds (electron/js2c/browser_init.js:33:520)\n' +
      '    at Object.createWindow (/opt/Notion/resources/app.asar/main/createWindow.js:63:16)\n' +
      '    at handleActivate (/opt/Notion/resources/app.asar/main/main.js:71:36)\n' +
      '    at App.<anonymous> (/opt/Notion/resources/app.asar/main/main.js:188:13)\n' +
      '    at App.emit (events.js:315:20)'
  }
}
[2021-09-11 11:20:46.419] [info] {
  level: 'info',
  from: 'AssetCache',
  type: 'latestVersionPath',
  data: {
    message: 'latestVersion.json path /home/xilo/.config/notion-app/notionAssetCache-v2/latestVersion.json'
  }
}
[2021-09-11 11:20:46.424] [error] Error: Error: ENOENT: no such file or directory, open '/opt/Notion/resources/app-update.yml'
[2021-09-11 11:20:46.425] [info] {
  level: 'info',
  from: 'AssetCache',
  type: 'errorReadingPath',
  error: {
    name: 'Error',
    message: "ENOENT: no such file or directory, open '/home/xilo/.config/notion-app/notionAssetCache-v2/latestVersion.json'",
    stack: "Error: ENOENT: no such file or directory, open '/home/xilo/.config/notion-app/notionAssetCache-v2/latestVersion.json'"
  },
  data: {
    message: 'Error reading /home/xilo/.config/notion-app/notionAssetCache-v2/latestVersion.json'
  }
}
[2021-09-11 11:20:46.425] [info] {
  level: 'info',
  from: 'AssetCache',
  type: 'currentVersionLoaded',
  data: {}
}
[2021-09-11 11:20:46.425] [info] {
  level: 'info',
  from: 'AssetCache',
  type: 'syncVersionEmptyLatestVersion'
}
[2021-09-11 11:20:46.426] [info] {
  level: 'info',
  from: 'AssetCache',
  type: 'currentSyncedAssetsJson',
  data: {}
}
[2021-09-11 11:30:32.881] [info] { level: 'info', from: 'AssetCache', type: 'checkingForAppUpdate' }
[2021-09-11 11:30:33.474] [info] {
  level: 'info',
  from: 'AssetCache',
  type: 'appUpdateAvailable',
  data: { version: '23.9.6.4' }
}
[2021-09-11 11:30:37.513] [info] { level: 'info', from: 'AssetCache', type: 'checkingForAppUpdate2' }
[2021-09-11 11:30:37.514] [info] {
  level: 'info',
  from: 'AssetCache',
  type: 'appUpdateDownloadComplete',
  data: { version: '23.9.6.4' }
}
[2021-09-11 11:30:37.514] [info] {
  level: 'info',
  from: 'AssetCache',
  type: 'installingAppUpdate',
  data: { version: '23.9.6.4' }
}
[2021-09-11 11:40:32.894] [info] { level: 'info', from: 'AssetCache', type: 'checkingForAppUpdate' }
[2021-09-11 11:40:33.631] [info] { level: 'info', from: 'AssetCache', type: 'noAppUpdateAvailable2' }
[2021-09-11 11:50:32.906] [info] { level: 'info', from: 'AssetCache', type: 'checkingForAppUpdate' }
[2021-09-11 11:50:33.424] [info] { level: 'info', from: 'AssetCache', type: 'noAppUpdateAvailable2' }
[2021-09-11 12:00:32.916] [info] { level: 'info', from: 'AssetCache', type: 'checkingForAppUpdate' }
[2021-09-11 12:00:33.657] [info] { level: 'info', from: 'AssetCache', type: 'noAppUpdateAvailable2' }
[2021-09-11 12:10:32.916] [info] { level: 'info', from: 'AssetCache', type: 'checkingForAppUpdate' }
[2021-09-11 12:10:33.558] [info] { level: 'info', from: 'AssetCache', type: 'noAppUpdateAvailable2' }
[2021-09-11 12:20:32.926] [info] { level: 'info', from: 'AssetCache', type: 'checkingForAppUpdate' }
[2021-09-11 12:20:33.428] [info] { level: 'info', from: 'AssetCache', type: 'noAppUpdateAvailable2' }
[2021-09-11 12:30:32.936] [info] { level: 'info', from: 'AssetCache', type: 'checkingForAppUpdate' }
[2021-09-11 12:30:33.473] [info] { level: 'info', from: 'AssetCache', type: 'noAppUpdateAvailable2' }
[2021-09-11 12:40:32.946] [info] { level: 'info', from: 'AssetCache', type: 'checkingForAppUpdate' }
[2021-09-11 12:40:33.477] [info] { level: 'info', from: 'AssetCache', type: 'noAppUpdateAvailable2' }
[2021-09-11 12:50:32.949] [info] { level: 'info', from: 'AssetCache', type: 'checkingForAppUpdate' }
[2021-09-11 12:50:33.531] [info] { level: 'info', from: 'AssetCache', type: 'noAppUpdateAvailable2' }
[2021-09-11 13:00:32.959] [info] { level: 'info', from: 'AssetCache', type: 'checkingForAppUpdate' }
[2021-09-11 13:00:33.437] [info] { level: 'info', from: 'AssetCache', type: 'noAppUpdateAvailable2' }
[2021-09-11 13:10:32.965] [info] { level: 'info', from: 'AssetCache', type: 'checkingForAppUpdate' }
[2021-09-11 13:10:33.472] [info] { level: 'info', from: 'AssetCache', type: 'noAppUpdateAvailable2' }
[2021-09-11 13:20:32.975] [info] { level: 'info', from: 'AssetCache', type: 'checkingForAppUpdate' }
[2021-09-11 13:20:33.653] [info] { level: 'info', from: 'AssetCache', type: 'noAppUpdateAvailable2' }
[2021-09-11 13:30:32.983] [info] { level: 'info', from: 'AssetCache', type: 'checkingForAppUpdate' }
[2021-09-11 13:30:33.691] [info] { level: 'info', from: 'AssetCache', type: 'noAppUpdateAvailable2' }
[2021-09-11 13:40:32.992] [info] { level: 'info', from: 'AssetCache', type: 'checkingForAppUpdate' }
[2021-09-11 13:40:33.805] [info] { level: 'info', from: 'AssetCache', type: 'noAppUpdateAvailable2' }
[2021-09-11 13:50:33.000] [info] { level: 'info', from: 'AssetCache', type: 'checkingForAppUpdate' }
[2021-09-11 13:50:33.488] [info] { level: 'info', from: 'AssetCache', type: 'noAppUpdateAvailable2' }
[2021-09-11 14:00:33.005] [info] { level: 'info', from: 'AssetCache', type: 'checkingForAppUpdate' }
[2021-09-11 14:00:33.475] [info] { level: 'info', from: 'AssetCache', type: 'noAppUpdateAvailable2' }
[2021-09-11 14:10:33.012] [info] { level: 'info', from: 'AssetCache', type: 'checkingForAppUpdate' }
[2021-09-11 14:10:33.598] [info] { level: 'info', from: 'AssetCache', type: 'noAppUpdateAvailable2' }
[2021-09-11 14:20:33.015] [info] { level: 'info', from: 'AssetCache', type: 'checkingForAppUpdate' }
[2021-09-11 14:20:33.568] [info] { level: 'info', from: 'AssetCache', type: 'noAppUpdateAvailable2' }
[2021-09-11 14:30:33.018] [info] { level: 'info', from: 'AssetCache', type: 'checkingForAppUpdate' }
[2021-09-11 14:30:33.555] [info] { level: 'info', from: 'AssetCache', type: 'noAppUpdateAvailable2' }
[2021-09-11 14:40:33.024] [info] { level: 'info', from: 'AssetCache', type: 'checkingForAppUpdate' }
[2021-09-11 14:40:33.523] [info] { level: 'info', from: 'AssetCache', type: 'noAppUpdateAvailable2' }
[2021-09-11 14:50:33.028] [info] { level: 'info', from: 'AssetCache', type: 'checkingForAppUpdate' }
[2021-09-11 14:50:33.510] [info] { level: 'info', from: 'AssetCache', type: 'noAppUpdateAvailable2' }
[2021-09-11 15:00:33.031] [info] { level: 'info', from: 'AssetCache', type: 'checkingForAppUpdate' }
[2021-09-11 15:00:33.531] [info] { level: 'info', from: 'AssetCache', type: 'noAppUpdateAvailable2' }
[2021-09-11 15:10:33.035] [info] { level: 'info', from: 'AssetCache', type: 'checkingForAppUpdate' }
[2021-09-11 15:10:33.621] [info] { level: 'info', from: 'AssetCache', type: 'noAppUpdateAvailable2' }
[2021-09-11 15:20:33.035] [info] { level: 'info', from: 'AssetCache', type: 'checkingForAppUpdate' }
[2021-09-11 15:20:33.792] [info] { level: 'info', from: 'AssetCache', type: 'noAppUpdateAvailable2' }
[2021-09-11 15:30:33.035] [info] { level: 'info', from: 'AssetCache', type: 'checkingForAppUpdate' }
[2021-09-11 15:30:33.546] [info] { level: 'info', from: 'AssetCache', type: 'noAppUpdateAvailable2' }
[2021-09-11 15:40:33.037] [info] { level: 'info', from: 'AssetCache', type: 'checkingForAppUpdate' }
[2021-09-11 15:40:33.525] [info] { level: 'info', from: 'AssetCache', type: 'noAppUpdateAvailable2' }
[2021-09-11 15:50:33.038] [info] { level: 'info', from: 'AssetCache', type: 'checkingForAppUpdate' }
[2021-09-11 15:50:33.492] [info] { level: 'info', from: 'AssetCache', type: 'noAppUpdateAvailable2' }
[2021-09-11 16:00:33.039] [info] { level: 'info', from: 'AssetCache', type: 'checkingForAppUpdate' }
[2021-09-11 16:00:33.495] [info] { level: 'info', from: 'AssetCache', type: 'noAppUpdateAvailable2' }
[2021-09-11 16:10:33.039] [info] { level: 'info', from: 'AssetCache', type: 'checkingForAppUpdate' }
[2021-09-11 16:10:33.585] [info] { level: 'info', from: 'AssetCache', type: 'noAppUpdateAvailable2' }
[2021-09-11 16:20:33.054] [info] { level: 'info', from: 'AssetCache', type: 'checkingForAppUpdate' }
[2021-09-11 16:20:33.624] [info] { level: 'info', from: 'AssetCache', type: 'noAppUpdateAvailable2' }
[2021-09-11 16:30:33.069] [info] { level: 'info', from: 'AssetCache', type: 'checkingForAppUpdate' }
[2021-09-11 16:30:33.589] [info] { level: 'info', from: 'AssetCache', type: 'noAppUpdateAvailable2' }
[2021-09-11 16:40:33.084] [info] { level: 'info', from: 'AssetCache', type: 'checkingForAppUpdate' }
[2021-09-11 16:40:33.585] [info] { level: 'info', from: 'AssetCache', type: 'noAppUpdateAvailable2' }
[2021-09-11 16:50:33.097] [info] { level: 'info', from: 'AssetCache', type: 'checkingForAppUpdate' }
[2021-09-11 16:50:33.550] [info] { level: 'info', from: 'AssetCache', type: 'noAppUpdateAvailable2' }
[2021-09-11 17:00:33.110] [info] { level: 'info', from: 'AssetCache', type: 'checkingForAppUpdate' }
[2021-09-11 17:00:34.153] [info] { level: 'info', from: 'AssetCache', type: 'noAppUpdateAvailable2' }
[2021-09-11 17:10:33.122] [info] { level: 'info', from: 'AssetCache', type: 'checkingForAppUpdate' }
[2021-09-11 17:10:33.676] [info] { level: 'info', from: 'AssetCache', type: 'noAppUpdateAvailable2' }
[2021-09-11 17:20:33.134] [info] { level: 'info', from: 'AssetCache', type: 'checkingForAppUpdate' }
[2021-09-11 17:20:33.629] [info] { level: 'info', from: 'AssetCache', type: 'noAppUpdateAvailable2' }
[2021-09-11 17:30:33.144] [info] { level: 'info', from: 'AssetCache', type: 'checkingForAppUpdate' }
[2021-09-11 17:30:33.488] [info] { level: 'info', from: 'AssetCache', type: 'noAppUpdateAvailable2' }
[2021-09-11 17:40:33.156] [info] { level: 'info', from: 'AssetCache', type: 'checkingForAppUpdate' }
[2021-09-11 17:40:34.220] [info] { level: 'info', from: 'AssetCache', type: 'noAppUpdateAvailable2' }
[2021-09-11 17:50:33.167] [info] { level: 'info', from: 'AssetCache', type: 'checkingForAppUpdate' }
[2021-09-11 17:50:33.708] [info] { level: 'info', from: 'AssetCache', type: 'noAppUpdateAvailable2' }
[2021-09-11 18:00:33.177] [info] { level: 'info', from: 'AssetCache', type: 'checkingForAppUpdate' }
[2021-09-11 18:00:33.695] [info] { level: 'info', from: 'AssetCache', type: 'noAppUpdateAvailable2' }
[2021-09-11 18:10:33.182] [info] { level: 'info', from: 'AssetCache', type: 'checkingForAppUpdate' }
[2021-09-11 18:10:33.714] [info] { level: 'info', from: 'AssetCache', type: 'noAppUpdateAvailable2' }
[2021-09-11 18:20:33.192] [info] { level: 'info', from: 'AssetCache', type: 'checkingForAppUpdate' }
[2021-09-11 18:20:33.645] [info] { level: 'info', from: 'AssetCache', type: 'noAppUpdateAvailable2' }
[2021-09-11 18:30:33.198] [info] { level: 'info', from: 'AssetCache', type: 'checkingForAppUpdate' }
[2021-09-11 18:30:33.720] [info] { level: 'info', from: 'AssetCache', type: 'noAppUpdateAvailable2' }
[2021-09-11 18:40:33.207] [info] { level: 'info', from: 'AssetCache', type: 'checkingForAppUpdate' }
[2021-09-11 18:40:33.711] [info] { level: 'info', from: 'AssetCache', type: 'noAppUpdateAvailable2' }
[2021-09-11 18:50:33.214] [info] { level: 'info', from: 'AssetCache', type: 'checkingForAppUpdate' }
[2021-09-11 18:50:33.775] [info] { level: 'info', from: 'AssetCache', type: 'noAppUpdateAvailable2' }
[2021-09-11 19:00:33.220] [info] { level: 'info', from: 'AssetCache', type: 'checkingForAppUpdate' }
[2021-09-11 19:00:33.724] [info] { level: 'info', from: 'AssetCache', type: 'noAppUpdateAvailable2' }
[2021-09-11 19:10:33.227] [info] { level: 'info', from: 'AssetCache', type: 'checkingForAppUpdate' }
[2021-09-11 19:10:34.145] [info] { level: 'info', from: 'AssetCache', type: 'noAppUpdateAvailable2' }
[2021-09-11 19:20:33.230] [info] { level: 'info', from: 'AssetCache', type: 'checkingForAppUpdate' }
[2021-09-11 19:20:33.836] [info] { level: 'info', from: 'AssetCache', type: 'noAppUpdateAvailable2' }
[2021-09-11 19:30:33.236] [info] { level: 'info', from: 'AssetCache', type: 'checkingForAppUpdate' }
[2021-09-11 19:30:33.725] [info] { level: 'info', from: 'AssetCache', type: 'noAppUpdateAvailable2' }
[2021-09-11 19:40:33.241] [info] { level: 'info', from: 'AssetCache', type: 'checkingForAppUpdate' }
[2021-09-11 19:40:34.320] [info] { level: 'info', from: 'AssetCache', type: 'noAppUpdateAvailable2' }
[2021-09-11 19:50:33.243] [info] { level: 'info', from: 'AssetCache', type: 'checkingForAppUpdate' }
[2021-09-11 19:50:33.966] [info] { level: 'info', from: 'AssetCache', type: 'noAppUpdateAvailable2' }
[2021-09-11 20:00:33.248] [info] { level: 'info', from: 'AssetCache', type: 'checkingForAppUpdate' }
[2021-09-11 20:00:33.763] [info] { level: 'info', from: 'AssetCache', type: 'noAppUpdateAvailable2' }
[2021-09-11 20:10:33.250] [info] { level: 'info', from: 'AssetCache', type: 'checkingForAppUpdate' }
[2021-09-11 20:10:33.565] [info] { level: 'info', from: 'AssetCache', type: 'noAppUpdateAvailable2' }
[2021-09-11 20:20:33.252] [info] { level: 'info', from: 'AssetCache', type: 'checkingForAppUpdate' }
[2021-09-11 20:20:33.900] [info] { level: 'info', from: 'AssetCache', type: 'noAppUpdateAvailable2' }
[2021-09-11 20:30:33.255] [info] { level: 'info', from: 'AssetCache', type: 'checkingForAppUpdate' }
[2021-09-11 20:30:33.772] [info] { level: 'info', from: 'AssetCache', type: 'noAppUpdateAvailable2' }
[2021-09-11 20:40:33.256] [info] { level: 'info', from: 'AssetCache', type: 'checkingForAppUpdate' }
[2021-09-11 20:40:33.734] [info] { level: 'info', from: 'AssetCache', type: 'noAppUpdateAvailable2' }
[2021-09-11 20:50:33.258] [info] { level: 'info', from: 'AssetCache', type: 'checkingForAppUpdate' }
[2021-09-11 20:50:34.278] [info] { level: 'info', from: 'AssetCache', type: 'noAppUpdateAvailable2' }
[2021-09-11 21:00:33.259] [info] { level: 'info', from: 'AssetCache', type: 'checkingForAppUpdate' }
[2021-09-11 21:00:34.300] [info] { level: 'info', from: 'AssetCache', type: 'noAppUpdateAvailable2' }
[2021-09-11 21:10:33.260] [info] { level: 'info', from: 'AssetCache', type: 'checkingForAppUpdate' }
[2021-09-11 21:10:34.281] [info] { level: 'info', from: 'AssetCache', type: 'noAppUpdateAvailable2' }
[2021-09-11 21:20:33.262] [info] { level: 'info', from: 'AssetCache', type: 'checkingForAppUpdate' }
[2021-09-11 21:20:33.743] [info] { level: 'info', from: 'AssetCache', type: 'noAppUpdateAvailable2' }
[2021-09-11 21:30:33.276] [info] { level: 'info', from: 'AssetCache', type: 'checkingForAppUpdate' }
[2021-09-11 21:30:33.779] [info] { level: 'info', from: 'AssetCache', type: 'noAppUpdateAvailable2' }
[2021-09-11 21:40:33.289] [info] { level: 'info', from: 'AssetCache', type: 'checkingForAppUpdate' }
[2021-09-11 21:40:33.820] [info] { level: 'info', from: 'AssetCache', type: 'noAppUpdateAvailable2' }
[2021-09-11 21:50:33.302] [info] { level: 'info', from: 'AssetCache', type: 'checkingForAppUpdate' }
[2021-09-11 21:50:33.827] [info] { level: 'info', from: 'AssetCache', type: 'noAppUpdateAvailable2' }
[2021-09-11 22:00:33.316] [info] { level: 'info', from: 'AssetCache', type: 'checkingForAppUpdate' }
[2021-09-11 22:00:33.851] [info] { level: 'info', from: 'AssetCache', type: 'noAppUpdateAvailable2' }
[2021-09-11 22:10:33.317] [info] { level: 'info', from: 'AssetCache', type: 'checkingForAppUpdate' }
[2021-09-11 22:10:33.843] [info] { level: 'info', from: 'AssetCache', type: 'noAppUpdateAvailable2' }
[2021-09-11 22:20:33.328] [info] { level: 'info', from: 'AssetCache', type: 'checkingForAppUpdate' }
[2021-09-11 22:20:33.948] [info] { level: 'info', from: 'AssetCache', type: 'noAppUpdateAvailable2' }
[2021-09-11 22:30:33.340] [info] { level: 'info', from: 'AssetCache', type: 'checkingForAppUpdate' }
[2021-09-11 22:30:33.944] [info] { level: 'info', from: 'AssetCache', type: 'noAppUpdateAvailable2' }
[2021-09-11 22:40:33.351] [info] { level: 'info', from: 'AssetCache', type: 'checkingForAppUpdate' }
[2021-09-11 22:40:33.867] [info] { level: 'info', from: 'AssetCache', type: 'noAppUpdateAvailable2' }
[2021-09-11 22:50:33.356] [info] { level: 'info', from: 'AssetCache', type: 'checkingForAppUpdate' }
[2021-09-11 22:50:33.829] [info] { level: 'info', from: 'AssetCache', type: 'noAppUpdateAvailable2' }
[2021-09-11 22:57:41.119] [info] Quitting...
[2021-09-11 22:57:41.119] [info] Killing child process
